#
# A fatal error has been detected by the Java Runtime Environment:
#
#  EXCEPTION_ACCESS_VIOLATION (0xc0000005) at pc=0x00007ffc0774ad89, pid=8364, tid=13192
#
# JRE version: OpenJDK Runtime Environment Zulu24.32+13-CA (24.0.2+12) (build 24.0.2+12)
# Java VM: OpenJDK 64-Bit Server VM Zulu24.32+13-CA (24.0.2+12, mixed mode, sharing, tiered, compressed oops, compressed class ptrs, g1 gc, windows-amd64)
# Problematic frame:
# C  [awt.dll+0xdad89]
#
# No core dump will be written. Minidumps are not enabled by default on client versions of Windows
#
# If you would like to submit a bug report, please visit:
#   http://www.azul.com/support/
# The crash happened outside the Java Virtual Machine in native code.
# See problematic frame for where to report the bug.
#

---------------  S U M M A R Y ------------

Command Line: -Dfile.encoding=UTF-8 odontologia.Interfaz

Host: AMD Ryzen 5 7235HS                             , 8 cores, 31G,  Windows 11 , 64 bit Build 26100 (10.0.26100.7309)
Time: Tue Jan  6 21:56:23 2026 Hora estándar central (México) elapsed time: 80.909835 seconds (0d 0h 1m 20s)

---------------  T H R E A D  ---------------

Current thread (0x000002e94a5aa360):  JavaThread "AWT-EventQueue-0"        [_thread_in_native, id=13192, stack(0x000000ff50500000,0x000000ff50600000) (1024K)]

Stack: [0x000000ff50500000,0x000000ff50600000],  sp=0x000000ff505feef0,  free space=1019k
Native frames: (J=compiled Java code, j=interpreted, Vv=VM code, C=native code)
C  [awt.dll+0xdad89]  (no source info available)
C  [awt.dll+0xda148]  (no source info available)
C  0x000002e96163ce20  (no source info available)

The last pc belongs to native method entry point (kind = native) (printed below).
Java frames: (J=compiled Java code, j=interpreted, Vv=VM code)
j  sun.awt.Win32GraphicsConfig.getBounds(I)Ljava/awt/Rectangle;+0 java.desktop@24.0.2
j  sun.awt.Win32GraphicsConfig.getBounds()Ljava/awt/Rectangle;+8 java.desktop@24.0.2
j  sun.awt.Win32GraphicsDevice.displayChanged()V+23 java.desktop@24.0.2
j  sun.java2d.d3d.D3DGraphicsDevice.displayChanged()V+1 java.desktop@24.0.2
j  sun.awt.Win32GraphicsEnvironment.displayChanged()V+271 java.desktop@24.0.2
j  sun.awt.windows.WToolkit.lambda$displayChanged$0()V+15 java.desktop@24.0.2
j  sun.awt.windows.WToolkit$$Lambda+0x000002e901181ab0.run()V+0 java.desktop@24.0.2
j  java.awt.event.InvocationEvent.dispatch()V+47 java.desktop@24.0.2
j  java.awt.EventQueue.dispatchEventImpl(Ljava/awt/AWTEvent;Ljava/lang/Object;)V+21 java.desktop@24.0.2
j  java.awt.EventQueue.dispatchEvent(Ljava/awt/AWTEvent;)V+22 java.desktop@24.0.2
j  java.awt.EventDispatchThread.pumpOneEventForFilters(I)V+81 java.desktop@24.0.2
j  java.awt.EventDispatchThread.pumpEventsForFilter(ILjava/awt/Conditional;Ljava/awt/EventFilter;)V+35 java.desktop@24.0.2
j  java.awt.EventDispatchThread.pumpEventsForHierarchy(ILjava/awt/Conditional;Ljava/awt/Component;)V+11 java.desktop@24.0.2
j  java.awt.EventDispatchThread.pumpEvents(ILjava/awt/Conditional;)V+4 java.desktop@24.0.2
j  java.awt.EventDispatchThread.pumpEvents(Ljava/awt/Conditional;)V+3 java.desktop@24.0.2
j  java.awt.EventDispatchThread.run()V+9 java.desktop@24.0.2
v  ~StubRoutines::call_stub 0x000002e961630fcd

siginfo: EXCEPTION_ACCESS_VIOLATION (0xc0000005), reading address 0x0000000000000028


Registers:
RAX=0x0000000000000000, RBX=0x000002e94af20ae0, RCX=0x0000000000000000, RDX=0x0000000000000000
RSP=0x000000ff505feef0, RBP=0x0000000000000000, RSI=0x0000000000000000, RDI=0x0000000000000000
R8 =0x0000000000000001, R9 =0x000000ff4e9f9000, R10=0x000002e94a5a1d30, R11=0x000002e9412cbbc8
R12=0x0000000000000000, R13=0x000002e94593fe68, R14=0x000002e945d81420, R15=0x0000000000000000
RIP=0x00007ffc0774ad89, EFLAGS=0x0000000000010246

XMM[0]=0x0000000000000000 0x0000000000000000
XMM[1]=0x0000000000000000 0x000000ff505fefc0
XMM[2]=0x00007ffba2bbffb0 0x000000ff505fe7e0
XMM[3]=0x000002e945030003 0x000002e961c66bc7
XMM[4]=0x000000ff505feff0 0x00007ffba2f43bc8
XMM[5]=0x000002e94a5aa360 0x000000ff505fef01
XMM[6]=0x0000000000000000 0x971e40ad5ca39977
XMM[7]=0x0000000000000000 0xf623122f092d115d
XMM[8]=0x0000000000000000 0x0b3c73a1337a3a98
XMM[9]=0x0000000000000000 0x49d8f57fd4a14531
XMM[10]=0x0000000000000000 0x000000008ac84fb2
XMM[11]=0x0000000000000000 0x001f9269d4c0d79a
XMM[12]=0x0000000000000000 0x00000000d4a14531
XMM[13]=0x0000000000000000 0x0000000000000000
XMM[14]=0x0000000000000000 0x0000000000000000
XMM[15]=0x0000000000000000 0x0000000000000000
  MXCSR=0x00001fa2


Register to memory mapping:

RAX=0x0 is null
RBX=0x000002e94af20ae0 points into unknown readable memory: 0x000002e94b313c20 | 20 3c 31 4b e9 02 00 00
RCX=0x0 is null
RDX=0x0 is null
RSP=0x000000ff505feef0 is pointing into the stack for thread: 0x000002e94a5aa360
RBP=0x0 is null
RSI=0x0 is null
RDI=0x0 is null
R8 =0x0000000000000001 is an unknown value
R9 =0x000000ff4e9f9000 points into unknown readable memory: 0x0000000000000000 | 00 00 00 00 00 00 00 00
R10=0x000002e94a5a1d30 points into unknown readable memory: 0x0000001e00000003 | 03 00 00 00 1e 00 00 00
R11={method} {0x000002e9412cbbd0} '<init>' '(IIII)V' in 'java/awt/Rectangle'
R12=0x0 is null
R13=0x000002e94593fe68 points into unknown readable memory: 0x000002e9412cbbc8 | c8 bb 2c 41 e9 02 00 00
R14=0x000002e945d81420 points into unknown readable memory: 0x00000006247860f8 | f8 60 78 24 06 00 00 00
R15=0x0 is null

Top of Stack: (sp=0x000000ff505feef0)
0x000000ff505feef0:   00007ffc077a7838 000002e94af20ae0   8xz........J....
0x000000ff505fef00:   000002e94a5aa728 000002e94af20ae0   (.ZJ.......J....
0x000000ff505fef10:   000002e94a5aa728 00007ffc0774a148   (.ZJ....H.t.....
0x000000ff505fef20:   000002e94af20ae0 000002e94af20ae0   ...J.......J....
0x000000ff505fef30:   000000000000188f 000002e94a5aa728   ........(.ZJ....
0x000000ff505fef40:   0000000624785728 000002e9412c2e20   (Wx$.... .,A....
0x000000ff505fef50:   0000000000000000 000000ff505fef70   ........p._P....
0x000000ff505fef60:   0000000000000000 0000000000000000   ................
0x000000ff505fef70:   00005ac2c9232e93 00000006247839c8   ..#..Z...9x$....
0x000000ff505fef80:   000002e94a5aa360 000000ff505ff068   `.ZJ....h._P....
0x000000ff505fef90:   000002e9412c3698 0000000000000000   .6,A............
0x000000ff505fefa0:   000002e9002f1270 000000000000188f   p./.............
0x000000ff505fefb0:   000000ff505ff040 000002e96163ce20   @._P.... .ca....
0x000000ff505fefc0:   000002e9412c2d30 000002e9412c3698   0-,A.....6,A....
0x000000ff505fefd0:   000000ff505fefe8 000000ff505ff048   .._P....H._P....
0x000000ff505fefe0:   000002e96163899a 0000000000000000   ..ca............
0x000000ff505feff0:   0000000623dd7e58 fffffffffffffff7   X~.#............
0x000000ff505ff000:   0000000000000000 0000000000000005   ................
0x000000ff505ff010:   000002e9412c61b0 0000000000000000   .a,A............
0x000000ff505ff020:   0000000624785728 000002e9412c3698   (Wx$.....6,A....
0x000000ff505ff030:   0000000000000000 000000ff505ff060   ........`._P....
0x000000ff505ff040:   000000ff505ff0b8 000002e96163899a   .._P......ca....
0x000000ff505ff050:   0000000000000000 000002e96163a43a   ........:.ca....
0x000000ff505ff060:   0000000000000000 0000000623dd7e58   ........X~.#....
0x000000ff505ff070:   fffffffffffffff7 000002e9412c3740   ........@7,A....
0x000000ff505ff080:   0000000000000002 000002e9412c61b0   .........a,A....
0x000000ff505ff090:   0000000000000000 0000000624785728   ........(Wx$....
0x000000ff505ff0a0:   000002e9412c3758 fffffffffffffff5   X7,A............
0x000000ff505ff0b0:   000000ff505ff0c8 000000ff505ff118   .._P......_P....
0x000000ff505ff0c0:   000002e96163899a 0000000623dd7e58   ..ca....X~.#....
0x000000ff505ff0d0:   fffffffffffffff7 000002e94125f4f7   ..........%A....
0x000000ff505ff0e0:   0000000000000003 000002e941260c78   ........x.&A....

Instructions: (pc=0x00007ffc0774ad89)
  0x00007ffc0774ac89:   cc cc cc cc cc cc cc 48 89 5c 24 08 48 89 6c 24
  0x00007ffc0774ac99:   10 48 89 74 24 18 57 48 83 ec 20 41 8b f8 0f b6
  0x00007ffc0774aca9:   f2 48 8b e9 e8 1e d3 f4 ff 48 8b d8 48 89 44 24
  0x00007ffc0774acb9:   48 41 b8 01 00 00 00 8b d7 48 8b c8 e8 86 d2 f4
  0x00007ffc0774acc9:   ff 48 8b c8 44 0f b6 c6 48 8b d5 e8 97 fa ff ff
  0x00007ffc0774acd9:   48 8b f8 48 8b cb e8 ac d4 f4 ff 90 48 8b c7 48
  0x00007ffc0774ace9:   8b 5c 24 30 48 8b 6c 24 38 48 8b 74 24 40 48 83
  0x00007ffc0774acf9:   c4 20 5f c3 cc cc cc 48 8b 49 28 e9 07 07 00 00
  0x00007ffc0774ad09:   cc cc cc cc cc cc cc 48 89 5c 24 08 57 48 83 ec
  0x00007ffc0774ad19:   20 8b f9 e8 af d2 f4 ff 48 8b d8 48 89 44 24 38
  0x00007ffc0774ad29:   41 b8 01 00 00 00 8b d7 48 8b c8 e8 17 d2 f4 ff
  0x00007ffc0774ad39:   48 8b 08 8b 39 48 8b cb e8 4a d4 f4 ff 90 8b c7
  0x00007ffc0774ad49:   48 8b 5c 24 30 48 83 c4 20 5f c3 cc cc cc cc cc
  0x00007ffc0774ad59:   cc cc cc cc cc cc cc 48 89 5c 24 08 57 48 83 ec
  0x00007ffc0774ad69:   20 8b f9 e8 5f d2 f4 ff 48 8b d8 48 89 44 24 38
  0x00007ffc0774ad79:   41 b8 01 00 00 00 8b d7 48 8b c8 e8 c7 d1 f4 ff
=>0x00007ffc0774ad89:   48 8b 78 28 48 8b cb e8 fb d3 f4 ff 90 48 8b c7
  0x00007ffc0774ad99:   48 8b 5c 24 30 48 83 c4 20 5f c3 cc cc cc cc cc
  0x00007ffc0774ada9:   cc cc cc cc cc cc cc 48 89 5c 24 08 57 48 83 ec
  0x00007ffc0774adb9:   20 8b f9 e8 0f d2 f4 ff 48 8b d8 48 89 44 24 38
  0x00007ffc0774adc9:   41 b8 01 00 00 00 8b d7 48 8b c8 e8 77 d1 f4 ff
  0x00007ffc0774add9:   48 8b 78 30 48 8b cb e8 ab d3 f4 ff 90 48 8b c7
  0x00007ffc0774ade9:   48 8b 5c 24 30 48 83 c4 20 5f c3 cc cc cc cc cc
  0x00007ffc0774adf9:   cc cc cc cc cc cc cc 48 89 5c 24 08 57 48 83 ec
  0x00007ffc0774ae09:   20 8b f9 e8 bf d1 f4 ff 48 8b d8 48 89 44 24 38
  0x00007ffc0774ae19:   41 b8 01 00 00 00 8b d7 48 8b c8 e8 27 d1 f4 ff
  0x00007ffc0774ae29:   48 8b 78 08 48 85 ff 74 07 48 8b bf 08 0c 00 00
  0x00007ffc0774ae39:   48 8b cb e8 4f d3 f4 ff 90 48 8b c7 48 8b 5c 24
  0x00007ffc0774ae49:   30 48 83 c4 20 5f c3 f3 0f 10 41 48 c3 cc cc cc
  0x00007ffc0774ae59:   cc cc cc cc cc cc cc f3 0f 10 41 4c c3 cc cc cc
  0x00007ffc0774ae69:   cc cc cc cc cc cc cc 48 89 5c 24 10 48 89 74 24
  0x00007ffc0774ae79:   18 55 57 41 56 48 8d 6c 24 e0 48 81 ec 20 01 00


Stack slot to memory mapping:

stack at sp + 0 slots: 0x00007ffc077a7838 awt.dll
stack at sp + 1 slots: 0x000002e94af20ae0 points into unknown readable memory: 0x000002e94b313c20 | 20 3c 31 4b e9 02 00 00
stack at sp + 2 slots: 0x000002e94a5aa728 points into unknown readable memory: 0x00007ffba2eac9d0 | d0 c9 ea a2 fb 7f 00 00
stack at sp + 3 slots: 0x000002e94af20ae0 points into unknown readable memory: 0x000002e94b313c20 | 20 3c 31 4b e9 02 00 00
stack at sp + 4 slots: 0x000002e94a5aa728 points into unknown readable memory: 0x00007ffba2eac9d0 | d0 c9 ea a2 fb 7f 00 00
stack at sp + 5 slots: 0x00007ffc0774a148 awt.dll
stack at sp + 6 slots: 0x000002e94af20ae0 points into unknown readable memory: 0x000002e94b313c20 | 20 3c 31 4b e9 02 00 00
stack at sp + 7 slots: 0x000002e94af20ae0 points into unknown readable memory: 0x000002e94b313c20 | 20 3c 31 4b e9 02 00 00

Lock stack of current Java thread (top to bottom):

native method entry point (kind = native)  [0x000002e96163ca40, 0x000002e96163d478]  2616 bytes
[MachCode]
  0x000002e96163ca40: 488b 4b08 | 0fb7 492e | 584c 8d74 | ccf8 6800 | 0000 0068 | 0000 0000 | 5055 488b | ec41 5568 
  0x000002e96163ca60: 0000 0000 | 4c8b 6b08 | 4d8d 6d38 | 5348 8b53 | 0848 8b52 | 0848 8b52 | 1848 8b52 | 7048 8b12 
  0x000002e96163ca80: 5248 8b53 | 1048 85d2 | 0f84 0700 | 0000 4881 | c208 0100 | 0052 488b | 5308 488b | 5208 488b 
  0x000002e96163caa0: 5210 5249 | 8bc6 482b | c548 c1e8 | 0350 6800 | 0000 0068 | f7ff ffff | 41c6 8771 | 0400 0001 
  0x000002e96163cac0: 488b 4310 | 4885 c074 | 208b 88cc | 0000 0083 | c102 8988 | cc00 0000 | 2388 e000 | 0000 0f84 
  0x000002e96163cae0: e408 0000 | e9cd 0000 | 0048 8b43 | 1848 85c0 | 0f85 b000 | 0000 e805 | 0000 00e9 | 9900 0000 
  0x000002e96163cb00: 488b d348 | 8d44 2408 | 4c89 6dc0 | 498b cfc5 | f877 4989 | afb8 0300 | 0049 8987 | a803 0000 
  0x000002e96163cb20: 4883 ec20 | 40f6 c40f | 0f84 1900 | 0000 4883 | ec08 48b8 | e016 5da2 | fb7f 0000 | ffd0 4883 
  0x000002e96163cb40: c408 e90c | 0000 0048 | b8e0 165d | a2fb 7f00 | 00ff d048 | 83c4 2049 | c787 a803 | 0000 0000 
  0x000002e96163cb60: 0000 49c7 | 87b8 0300 | 0000 0000 | 0049 c787 | b003 0000 | 0000 0000 | c5f8 7749 | 837f 0800 
  0x000002e96163cb80: 0f84 0500 | 0000 e935 | 43ff ff4c | 8b6d c04c | 8b75 c84e | 8d74 f500 | c348 8b43 | 1848 85c0 
  0x000002e96163cba0: 0f84 1000 | 0000 8b08 | 83c1 0289 | 0823 4814 | 0f84 1208 | 0000 493b | a7f0 0400 | 000f 8748 
  0x000002e96163cbc0: 0000 0089 | 8424 00f0 | ffff 8984 | 2400 e0ff | ff89 8424 | 00d0 ffff | 8984 2400 | c0ff ff89 
  0x000002e96163cbe0: 8424 00b0 | ffff 8984 | 2400 a0ff | ff89 8424 | 0090 ffff | 8984 2400 | 80ff ff49 | 3ba7 e804 
  0x000002e96163cc00: 0000 7607 | 4989 a7f0 | 0400 0041 | c687 7104 | 0000 0048 | 8b5d e84c | 8b5b 0845 | 0fb7 5b2e 
  0x000002e96163cc20: 41c1 e303 | 492b e348 | 83ec 2048 | 83e4 f04c | 8b5b 604d | 85db 0f85 | ab00 0000 | e805 0000 
  0x000002e96163cc40: 00e9 9900 | 0000 488b | d348 8d44 | 2408 4c89 | 6dc0 498b | cfc5 f877 | 4989 afb8 | 0300 0049 
  0x000002e96163cc60: 8987 a803 | 0000 4883 | ec20 40f6 | c40f 0f84 | 1900 0000 | 4883 ec08 | 48b8 0041 | 5da2 fb7f 
  0x000002e96163cc80: 0000 ffd0 | 4883 c408 | e90c 0000 | 0048 b800 | 415d a2fb | 7f00 00ff | d048 83c4 | 2049 c787 
  0x000002e96163cca0: a803 0000 | 0000 0000 | 49c7 87b8 | 0300 0000 | 0000 0049 | c787 b003 | 0000 0000 | 0000 c5f8 
  0x000002e96163ccc0: 7749 837f | 0800 0f84 | 0500 0000 | e9ef 41ff | ff4c 8b6d | c04c 8b75 | c84e 8d74 | f500 c348 
  0x000002e96163cce0: 8b5d e84c | 8b5b 6041 | ffd3 488b | 5de8 4889 | 4518 448b | 5b28 41f6 | c308 0f84 | 1b00 0000 
  0x000002e96163cd00: 4c8b 5b08 | 4d8b 5b08 | 4d8b 5b18 | 4d8b 5b70 | 4d8b 1b4c | 895d 1048 | 8d55 1048 | 8b43 5849 
  0x000002e96163cd20: ba70 8c96 | a2fb 7f00 | 0049 3bc2 | 0f85 ab00 | 0000 e805 | 0000 00e9 | 9900 0000 | 488b d348 
  0x000002e96163cd40: 8d44 2408 | 4c89 6dc0 | 498b cfc5 | f877 4989 | afb8 0300 | 0049 8987 | a803 0000 | 4883 ec20 
  0x000002e96163cd60: 40f6 c40f | 0f84 1900 | 0000 4883 | ec08 48b8 | 0041 5da2 | fb7f 0000 | ffd0 4883 | c408 e90c 
  0x000002e96163cd80: 0000 0048 | b800 415d | a2fb 7f00 | 00ff d048 | 83c4 2049 | c787 a803 | 0000 0000 | 0000 49c7 
  0x000002e96163cda0: 87b8 0300 | 0000 0000 | 0049 c787 | b003 0000 | 0000 0000 | c5f8 7749 | 837f 0800 | 0f84 0500 
  0x000002e96163cdc0: 0000 e9f9 | 40ff ff4c | 8b6d c04c | 8b75 c84e | 8d74 f500 | c348 8b5d | e848 8b43 | 5849 8d8f 
  0x000002e96163cde0: c803 0000 | 4c8d 15d5 | 0000 004d | 8997 b003 | 0000 c5f8 | 7749 89af | b803 0000 | 4989 a7a8 
  0x000002e96163ce00: 0300 0041 | c787 5404 | 0000 0400 | 0000 493b | a748 0500 | 0076 0749 | 89a7 4805 | 0000 ffd0 
  0x000002e96163ce20: 493b a748 | 0500 0072 | 0b49 c787 | 4805 0000 | 0000 0000 | c5f8 7748 | 83ec 10c5 | fb11 0424 
  0x000002e96163ce40: 4883 ec10 | 4889 0424 | 48c7 4424 | 0800 0000 | 0041 c787 | 5404 0000 | 0500 0000 | f083 4424 
  0x000002e96163ce60: c000 493b | 6f28 0f87 | 0e00 0000 | 4183 bf50 | 0400 0000 | 0f84 2000 | 0000 498b | cf4c 8be4 
  0x000002e96163ce80: 4883 ec20 | 4883 e4f0 | 48b8 f0a5 | 5ea2 fb7f | 0000 ffd0 | 498b e44d | 33e4 41c7 | 8754 0400 
  0x000002e96163cea0: 0008 0000 | 004d 8b97 | 7005 0000 | 4983 fa00 | 7435 49c7 | 8770 0500 | 0000 0000 | 0041 ffe2 
  0x000002e96163cec0: 49ba 00bb | 6361 e902 | 0000 41ff | d248 83ec | 10c5 fb11 | 0424 4883 | ec10 4889 | 0424 48c7 
  0x000002e96163cee0: 4424 0800 | 0000 0049 | c787 a803 | 0000 0000 | 0000 49c7 | 87b8 0300 | 0000 0000 | 0049 c787 
  0x000002e96163cf00: b003 0000 | 0000 0000 | c5f8 774d | 8b9f 3804 | 0000 41c7 | 8300 0100 | 0000 0000 | 0049 bb3a 
  0x000002e96163cf20: a463 61e9 | 0200 004c | 3b5d 180f | 8555 0100 | 0048 8b04 | 2448 83c4 | 1048 85c0 | 0f84 2f01 
  0x000002e96163cf40: 0000 a803 | 0f85 0800 | 0000 488b | 00e9 1f01 | 0000 a801 | 0f85 0900 | 0000 488b | 40fe e90e 
  0x000002e96163cf60: 0100 0048 | 8b40 ff41 | 807f 4800 | 0f84 ff00 | 0000 4883 | f800 0f84 | f500 0000 | 4d8b 5f38 
  0x000002e96163cf80: 4d85 db0f | 8414 0000 | 0049 83eb | 084d 895f | 384d 035f | 4049 8903 | e9d4 0000 | 0048 83ec 
  0x000002e96163cfa0: 7048 8904 | 2448 894c | 2408 4889 | 5424 104c | 8944 2418 | 4c89 4c24 | 204c 8954 | 2428 4c89 
  0x000002e96163cfc0: 5c24 30c5 | fb11 4424 | 40c5 fb11 | 4c24 48c5 | fb11 5424 | 50c5 fb11 | 5c24 58c5 | fb11 6424 
  0x000002e96163cfe0: 60c5 fb11 | 6c24 6849 | 8bd7 488b | c848 83ec | 2040 f6c4 | 0f0f 8419 | 0000 0048 | 83ec 0848 
  0x000002e96163d000: b8e0 1851 | a2fb 7f00 | 00ff d048 | 83c4 08e9 | 0c00 0000 | 48b8 e018 | 51a2 fb7f | 0000 ffd0 
  0x000002e96163d020: 4883 c420 | c5fb 106c | 2468 c5fb | 1064 2460 | c5fb 105c | 2458 c5fb | 1054 2450 | c5fb 104c 
  0x000002e96163d040: 2448 c5fb | 1044 2440 | 4c8b 5c24 | 304c 8b54 | 2428 4c8b | 4c24 204c | 8b44 2418 | 488b 5424 
  0x000002e96163d060: 1048 8b4c | 2408 488b | 0424 4883 | c470 c5f8 | 7748 8945 | 1048 83ec | 1048 8904 | 2448 c744 
  0x000002e96163d080: 2408 0000 | 0000 4183 | bfd0 0400 | 0002 0f85 | bf00 0000 | 4881 ec80 | 0000 0048 | 8944 2478 
  0x000002e96163d0a0: 4889 4c24 | 7048 8954 | 2468 4889 | 5c24 6048 | 896c 2450 | 4889 7424 | 4848 897c | 2440 4c89 
  0x000002e96163d0c0: 4424 384c | 894c 2430 | 4c89 5424 | 284c 895c | 2420 4c89 | 6424 184c | 896c 2410 | 4c89 7424 
  0x000002e96163d0e0: 084c 893c | 244c 8be4 | 4883 ec20 | 4883 e4f0 | 48b8 6074 | 96a2 fb7f | 0000 ffd0 | 498b e44c 
  0x000002e96163d100: 8b3c 244c | 8b74 2408 | 4c8b 6c24 | 104c 8b64 | 2418 4c8b | 5c24 204c | 8b54 2428 | 4c8b 4c24 
  0x000002e96163d120: 304c 8b44 | 2438 488b | 7c24 4048 | 8b74 2448 | 488b 6c24 | 5048 8b5c | 2460 488b | 5424 6848 
  0x000002e96163d140: 8b4c 2470 | 488b 4424 | 7848 81c4 | 8000 0000 | 4d33 e448 | 8b5d e84c | 8b6b 084d | 8d6d 3849 
  0x000002e96163d160: 837f 0800 | 0f84 bb00 | 0000 e805 | 0000 00e9 | 9600 0000 | 488d 4424 | 084c 896d | c049 8bcf 
  0x000002e96163d180: c5f8 7749 | 89af b803 | 0000 4989 | 87a8 0300 | 0048 83ec | 2040 f6c4 | 0f0f 8419 | 0000 0048 
  0x000002e96163d1a0: 83ec 0848 | b8a0 5f5d | a2fb 7f00 | 00ff d048 | 83c4 08e9 | 0c00 0000 | 48b8 a05f | 5da2 fb7f 
  0x000002e96163d1c0: 0000 ffd0 | 4883 c420 | 49c7 87a8 | 0300 0000 | 0000 0049 | c787 b803 | 0000 0000 | 0000 49c7 
  0x000002e96163d1e0: 87b0 0300 | 0000 0000 | 00c5 f877 | 4983 7f08 | 000f 8405 | 0000 00e9 | c43c ffff | 4c8b 6dc0 
  0x000002e96163d200: 4c8b 75c8 | 4e8d 74f5 | 00c3 48b9 | e034 c6a2 | fb7f 0000 | 4883 e4f0 | 48b8 1090 | 83a2 fb7f 
  0x000002e96163d220: 0000 ffd0 | f444 8b5b | 2841 f6c3 | 200f 8472 | 0100 0048 | 8d55 a84c | 8b5a 084d | 85db 0f85 
  0x000002e96163d240: bb00 0000 | e805 0000 | 00e9 9600 | 0000 488d | 4424 084c | 896d c049 | 8bcf c5f8 | 7749 89af 
  0x000002e96163d260: b803 0000 | 4989 87a8 | 0300 0048 | 83ec 2040 | f6c4 0f0f | 8419 0000 | 0048 83ec | 0848 b8d0 
  0x000002e96163d280: 5e5d a2fb | 7f00 00ff | d048 83c4 | 08e9 0c00 | 0000 48b8 | d05e 5da2 | fb7f 0000 | ffd0 4883 
  0x000002e96163d2a0: c420 49c7 | 87a8 0300 | 0000 0000 | 0049 c787 | b803 0000 | 0000 0000 | 49c7 87b0 | 0300 0000 
  0x000002e96163d2c0: 0000 00c5 | f877 4983 | 7f08 000f | 8405 0000 | 00e9 ea3b | ffff 4c8b | 6dc0 4c8b | 75c8 4e8d 
  0x000002e96163d2e0: 74f5 00c3 | 48b9 e034 | c6a2 fb7f | 0000 4883 | e4f0 48b8 | 1090 83a2 | fb7f 0000 | ffd0 f44c 
  0x000002e96163d300: 896d c04c | 8b4a 0848 | c742 0800 | 0000 0045 | 8b87 5806 | 0000 4f3b | 4c07 f80f | 8542 0000 
  0x000002e96163d320: 0041 83af | 5806 0000 | 084f 3b4c | 07f0 0f84 | 2a00 0000 | 498b 01a8 | 020f 8512 | 0000 004c 
  0x000002e96163d340: 8bc0 4983 | c801 f04d | 0fb1 010f | 840d 0000 | 0041 8387 | 5806 0000 | 08e9 0500 | 0000 e93e 
  0x000002e96163d360: 0000 004c | 894a 0848 | 8bca 4883 | ec20 40f6 | c40f 0f84 | 1900 0000 | 4883 ec08 | 48b8 f030 
  0x000002e96163d380: 5da2 fb7f | 0000 ffd0 | 4883 c408 | e90c 0000 | 0048 b8f0 | 305d a2fb | 7f00 00ff | d048 83c4 
  0x000002e96163d3a0: 204c 8b6d | c048 8b04 | 2448 83c4 | 10c5 fb10 | 0424 4883 | c410 4c8b | 5d18 41ff | d34c 8b5d 
  0x000002e96163d3c0: f8c9 5f49 | 8be3 ffe7 | ba00 0000 | 00e8 0500 | 0000 e996 | 0000 0048 | 8d44 2408 | 4c89 6dc0 
  0x000002e96163d3e0: 498b cfc5 | f877 4989 | afb8 0300 | 0049 8987 | a803 0000 | 4883 ec20 | 40f6 c40f | 0f84 1900 
  0x000002e96163d400: 0000 4883 | ec08 48b8 | a025 5da2 | fb7f 0000 | ffd0 4883 | c408 e90c | 0000 0048 | b8a0 255d 
  0x000002e96163d420: a2fb 7f00 | 00ff d048 | 83c4 2049 | c787 a803 | 0000 0000 | 0000 49c7 | 87b8 0300 | 0000 0000 
  0x000002e96163d440: 0049 c787 | b003 0000 | 0000 0000 | c5f8 7749 | 837f 0800 | 0f84 0500 | 0000 e961 | 3aff ff4c 
  0x000002e96163d460: 8b6d c04c | 8b75 c84e | 8d74 f500 | c348 8b5d | e8e9 40f7 | ffff 6690 
[/MachCode]

---------------  P R O C E S S  ---------------

Threads class SMR info:
_java_thread_list=0x000002e9450c4e60, length=17, elements={
0x000002e9450150a0, 0x000002e9450157e0, 0x000002e94501d360, 0x000002e94501de90,
0x000002e945027670, 0x000002e9450301b0, 0x000002e9450372d0, 0x000002e94503bfb0,
0x000002e9450d1140, 0x000002e9450d60b0, 0x000002e94586dab0, 0x000002e94560f870,
0x000002e94586e1f0, 0x000002e94a5aa360, 0x000002e94acf8810, 0x000002e94aea7eb0,
0x000002e94aeaaa90
}

Java Threads: ( => current thread )
  0x000002e9450150a0 JavaThread "Reference Handler"          daemon [_thread_blocked, id=22544, stack(0x000000ff4f600000,0x000000ff4f700000) (1024K)]
  0x000002e9450157e0 JavaThread "Finalizer"                  daemon [_thread_blocked, id=19020, stack(0x000000ff4f700000,0x000000ff4f800000) (1024K)]
  0x000002e94501d360 JavaThread "Signal Dispatcher"          daemon [_thread_blocked, id=17036, stack(0x000000ff4f800000,0x000000ff4f900000) (1024K)]
  0x000002e94501de90 JavaThread "Attach Listener"            daemon [_thread_blocked, id=1748, stack(0x000000ff4f900000,0x000000ff4fa00000) (1024K)]
  0x000002e945027670 JavaThread "Service Thread"             daemon [_thread_blocked, id=11380, stack(0x000000ff4fa00000,0x000000ff4fb00000) (1024K)]
  0x000002e9450301b0 JavaThread "Monitor Deflation Thread"   daemon [_thread_blocked, id=11012, stack(0x000000ff4fb00000,0x000000ff4fc00000) (1024K)]
  0x000002e9450372d0 JavaThread "C2 CompilerThread0"         daemon [_thread_blocked, id=12080, stack(0x000000ff4fc00000,0x000000ff4fd00000) (1024K)]
  0x000002e94503bfb0 JavaThread "C1 CompilerThread0"         daemon [_thread_blocked, id=19932, stack(0x000000ff4fd00000,0x000000ff4fe00000) (1024K)]
  0x000002e9450d1140 JavaThread "Notification Thread"        daemon [_thread_blocked, id=12608, stack(0x000000ff4fe00000,0x000000ff4ff00000) (1024K)]
  0x000002e9450d60b0 JavaThread "Common-Cleaner"             daemon [_thread_blocked, id=23820, stack(0x000000ff4ff00000,0x000000ff50000000) (1024K)]
  0x000002e94586dab0 JavaThread "Java2D Disposer"            daemon [_thread_blocked, id=22292, stack(0x000000ff50000000,0x000000ff50100000) (1024K)]
  0x000002e94560f870 JavaThread "AWT-Shutdown"                      [_thread_blocked, id=16976, stack(0x000000ff50100000,0x000000ff50200000) (1024K)]
  0x000002e94586e1f0 JavaThread "AWT-Windows"                daemon [_thread_in_native, id=21108, stack(0x000000ff50200000,0x000000ff50300000) (1024K)]
=>0x000002e94a5aa360 JavaThread "AWT-EventQueue-0"                  [_thread_in_native, id=13192, stack(0x000000ff50500000,0x000000ff50600000) (1024K)]
  0x000002e94acf8810 JavaThread "PostgreSQL-JDBC-Cleaner"    daemon [_thread_blocked, id=18752, stack(0x000000ff50c00000,0x000000ff50d00000) (1024K)]
  0x000002e94aea7eb0 JavaThread "DestroyJavaVM"                     [_thread_blocked, id=18676, stack(0x000000ff4ee00000,0x000000ff4ef00000) (1024K)]
  0x000002e94aeaaa90 JavaThread "D3D Screen Updater"         daemon [_thread_blocked, id=8808, stack(0x000000ff50d00000,0x000000ff50e00000) (1024K)]
Total: 17

Other Threads:
  0x000002e9755c2a50 VMThread "VM Thread"                           [id=21704, stack(0x000000ff4f500000,0x000000ff4f600000) (1024K)]
  0x000002e9755b19a0 WatcherThread "VM Periodic Task Thread"        [id=7692, stack(0x000000ff4f400000,0x000000ff4f500000) (1024K)]
  0x000002e95169cd30 WorkerThread "GC Thread#0"                     [id=3348, stack(0x000000ff4ef00000,0x000000ff4f000000) (1024K)]
  0x000002e9516b2960 ConcurrentGCThread "G1 Main Marker"            [id=12352, stack(0x000000ff4f000000,0x000000ff4f100000) (1024K)]
  0x000002e9516b3c10 WorkerThread "G1 Conc#0"                       [id=1992, stack(0x000000ff4f100000,0x000000ff4f200000) (1024K)]
  0x000002e975468960 ConcurrentGCThread "G1 Refine#0"               [id=12048, stack(0x000000ff4f200000,0x000000ff4f300000) (1024K)]
  0x000002e9754694e0 ConcurrentGCThread "G1 Service"                [id=1336, stack(0x000000ff4f300000,0x000000ff4f400000) (1024K)]
Total: 7

Threads with active compile tasks:
Total: 0

VM state: not at safepoint (normal execution)

VM Mutex/Monitor currently owned by a thread: None

Heap address: 0x0000000604c00000, size: 8116 MB, Compressed Oops mode: Zero based, Oop shift amount: 3

CDS archive(s) mapped at: [0x000002e900000000-0x000002e900d40000-0x000002e900d40000), size 13893632, SharedBaseAddress: 0x000002e900000000, ArchiveRelocationMode: 1.
Compressed class space mapped at: 0x000002e901000000-0x000002e941000000, reserved size: 1073741824
UseCompressedClassPointers 1, UseCompactObjectHeaders 0
Narrow klass pointer bits 32, Max shift 3
Narrow klass base: 0x000002e900000000, Narrow klass shift: 0
Encoding Range: [0x000002e900000000 - 0x000002ea00000000), (4294967296 bytes)
Klass Range:    [0x000002e900000000 - 0x000002e941000000), (1090519040 bytes)
Klass ID Range:  [8 - 1090519033) (1090519025)

GC Precious Log:
 CardTable entry size: 512
 Card Set container configuration: InlinePtr #cards 4 size 8 Array Of Cards #cards 32 size 80 Howl #buckets 8 coarsen threshold 7372 Howl Bitmap #cards 1024 size 144 coarsen threshold 921 Card regions per heap region 1 cards per card region 8192
 CPUs: 8 total, 8 available
 Memory: 32452M
 Large Page Support: Disabled
 NUMA Support: Disabled
 Compressed Oops: Enabled (Zero based)
 Heap Region Size: 4M
 Heap Min Capacity: 8M
 Heap Initial Capacity: 508M
 Heap Max Capacity: 8116M
 Pre-touch: Disabled
 Parallel Workers: 8
 Concurrent Workers: 2
 Concurrent Refinement Workers: 8
 Periodic GC: Disabled

Heap:
 garbage-first heap   total reserved 8310784K, committed 524288K, used 29808K [0x0000000604c00000, 0x0000000800000000)
  region size 4096K, 8 young (32768K), 0 survivors (0K)
 Metaspace       used 15125K, committed 15360K, reserved 1114112K
  class space    used 1493K, committed 1600K, reserved 1048576K

Heap Regions: E=young(eden), S=young(survivor), O=old, HS=humongous(starts), HC=humongous(continues), CS=collection set, F=free, TAMS=top-at-mark-start, PB=parsable bottom
|   0|0x0000000604c00000, 0x0000000604c00000, 0x0000000605000000|  0%| F|  |TAMS 0x0000000604c00000| PB 0x0000000604c00000| Untracked |  0
|   1|0x0000000605000000, 0x0000000605000000, 0x0000000605400000|  0%| F|  |TAMS 0x0000000605000000| PB 0x0000000605000000| Untracked |  0
|   2|0x0000000605400000, 0x0000000605400000, 0x0000000605800000|  0%| F|  |TAMS 0x0000000605400000| PB 0x0000000605400000| Untracked |  0
|   3|0x0000000605800000, 0x0000000605800000, 0x0000000605c00000|  0%| F|  |TAMS 0x0000000605800000| PB 0x0000000605800000| Untracked |  0
|   4|0x0000000605c00000, 0x0000000605c00000, 0x0000000606000000|  0%| F|  |TAMS 0x0000000605c00000| PB 0x0000000605c00000| Untracked |  0
|   5|0x0000000606000000, 0x0000000606000000, 0x0000000606400000|  0%| F|  |TAMS 0x0000000606000000| PB 0x0000000606000000| Untracked |  0
|   6|0x0000000606400000, 0x0000000606400000, 0x0000000606800000|  0%| F|  |TAMS 0x0000000606400000| PB 0x0000000606400000| Untracked |  0
|   7|0x0000000606800000, 0x0000000606800000, 0x0000000606c00000|  0%| F|  |TAMS 0x0000000606800000| PB 0x0000000606800000| Untracked |  0
|   8|0x0000000606c00000, 0x0000000606c00000, 0x0000000607000000|  0%| F|  |TAMS 0x0000000606c00000| PB 0x0000000606c00000| Untracked |  0
|   9|0x0000000607000000, 0x0000000607000000, 0x0000000607400000|  0%| F|  |TAMS 0x0000000607000000| PB 0x0000000607000000| Untracked |  0
|  10|0x0000000607400000, 0x0000000607400000, 0x0000000607800000|  0%| F|  |TAMS 0x0000000607400000| PB 0x0000000607400000| Untracked |  0
|  11|0x0000000607800000, 0x0000000607800000, 0x0000000607c00000|  0%| F|  |TAMS 0x0000000607800000| PB 0x0000000607800000| Untracked |  0
|  12|0x0000000607c00000, 0x0000000607c00000, 0x0000000608000000|  0%| F|  |TAMS 0x0000000607c00000| PB 0x0000000607c00000| Untracked |  0
|  13|0x0000000608000000, 0x0000000608000000, 0x0000000608400000|  0%| F|  |TAMS 0x0000000608000000| PB 0x0000000608000000| Untracked |  0
|  14|0x0000000608400000, 0x0000000608400000, 0x0000000608800000|  0%| F|  |TAMS 0x0000000608400000| PB 0x0000000608400000| Untracked |  0
|  15|0x0000000608800000, 0x0000000608800000, 0x0000000608c00000|  0%| F|  |TAMS 0x0000000608800000| PB 0x0000000608800000| Untracked |  0
|  16|0x0000000608c00000, 0x0000000608c00000, 0x0000000609000000|  0%| F|  |TAMS 0x0000000608c00000| PB 0x0000000608c00000| Untracked |  0
|  17|0x0000000609000000, 0x0000000609000000, 0x0000000609400000|  0%| F|  |TAMS 0x0000000609000000| PB 0x0000000609000000| Untracked |  0
|  18|0x0000000609400000, 0x0000000609400000, 0x0000000609800000|  0%| F|  |TAMS 0x0000000609400000| PB 0x0000000609400000| Untracked |  0
|  19|0x0000000609800000, 0x0000000609800000, 0x0000000609c00000|  0%| F|  |TAMS 0x0000000609800000| PB 0x0000000609800000| Untracked |  0
|  20|0x0000000609c00000, 0x0000000609c00000, 0x000000060a000000|  0%| F|  |TAMS 0x0000000609c00000| PB 0x0000000609c00000| Untracked |  0
|  21|0x000000060a000000, 0x000000060a000000, 0x000000060a400000|  0%| F|  |TAMS 0x000000060a000000| PB 0x000000060a000000| Untracked |  0
|  22|0x000000060a400000, 0x000000060a400000, 0x000000060a800000|  0%| F|  |TAMS 0x000000060a400000| PB 0x000000060a400000| Untracked |  0
|  23|0x000000060a800000, 0x000000060a800000, 0x000000060ac00000|  0%| F|  |TAMS 0x000000060a800000| PB 0x000000060a800000| Untracked |  0
|  24|0x000000060ac00000, 0x000000060ac00000, 0x000000060b000000|  0%| F|  |TAMS 0x000000060ac00000| PB 0x000000060ac00000| Untracked |  0
|  25|0x000000060b000000, 0x000000060b000000, 0x000000060b400000|  0%| F|  |TAMS 0x000000060b000000| PB 0x000000060b000000| Untracked |  0
|  26|0x000000060b400000, 0x000000060b400000, 0x000000060b800000|  0%| F|  |TAMS 0x000000060b400000| PB 0x000000060b400000| Untracked |  0
|  27|0x000000060b800000, 0x000000060b800000, 0x000000060bc00000|  0%| F|  |TAMS 0x000000060b800000| PB 0x000000060b800000| Untracked |  0
|  28|0x000000060bc00000, 0x000000060bc00000, 0x000000060c000000|  0%| F|  |TAMS 0x000000060bc00000| PB 0x000000060bc00000| Untracked |  0
|  29|0x000000060c000000, 0x000000060c000000, 0x000000060c400000|  0%| F|  |TAMS 0x000000060c000000| PB 0x000000060c000000| Untracked |  0
|  30|0x000000060c400000, 0x000000060c400000, 0x000000060c800000|  0%| F|  |TAMS 0x000000060c400000| PB 0x000000060c400000| Untracked |  0
|  31|0x000000060c800000, 0x000000060c800000, 0x000000060cc00000|  0%| F|  |TAMS 0x000000060c800000| PB 0x000000060c800000| Untracked |  0
|  32|0x000000060cc00000, 0x000000060cc00000, 0x000000060d000000|  0%| F|  |TAMS 0x000000060cc00000| PB 0x000000060cc00000| Untracked |  0
|  33|0x000000060d000000, 0x000000060d000000, 0x000000060d400000|  0%| F|  |TAMS 0x000000060d000000| PB 0x000000060d000000| Untracked |  0
|  34|0x000000060d400000, 0x000000060d400000, 0x000000060d800000|  0%| F|  |TAMS 0x000000060d400000| PB 0x000000060d400000| Untracked |  0
|  35|0x000000060d800000, 0x000000060d800000, 0x000000060dc00000|  0%| F|  |TAMS 0x000000060d800000| PB 0x000000060d800000| Untracked |  0
|  36|0x000000060dc00000, 0x000000060dc00000, 0x000000060e000000|  0%| F|  |TAMS 0x000000060dc00000| PB 0x000000060dc00000| Untracked |  0
|  37|0x000000060e000000, 0x000000060e000000, 0x000000060e400000|  0%| F|  |TAMS 0x000000060e000000| PB 0x000000060e000000| Untracked |  0
|  38|0x000000060e400000, 0x000000060e400000, 0x000000060e800000|  0%| F|  |TAMS 0x000000060e400000| PB 0x000000060e400000| Untracked |  0
|  39|0x000000060e800000, 0x000000060e800000, 0x000000060ec00000|  0%| F|  |TAMS 0x000000060e800000| PB 0x000000060e800000| Untracked |  0
|  40|0x000000060ec00000, 0x000000060ec00000, 0x000000060f000000|  0%| F|  |TAMS 0x000000060ec00000| PB 0x000000060ec00000| Untracked |  0
|  41|0x000000060f000000, 0x000000060f000000, 0x000000060f400000|  0%| F|  |TAMS 0x000000060f000000| PB 0x000000060f000000| Untracked |  0
|  42|0x000000060f400000, 0x000000060f400000, 0x000000060f800000|  0%| F|  |TAMS 0x000000060f400000| PB 0x000000060f400000| Untracked |  0
|  43|0x000000060f800000, 0x000000060f800000, 0x000000060fc00000|  0%| F|  |TAMS 0x000000060f800000| PB 0x000000060f800000| Untracked |  0
|  44|0x000000060fc00000, 0x000000060fc00000, 0x0000000610000000|  0%| F|  |TAMS 0x000000060fc00000| PB 0x000000060fc00000| Untracked |  0
|  45|0x0000000610000000, 0x0000000610000000, 0x0000000610400000|  0%| F|  |TAMS 0x0000000610000000| PB 0x0000000610000000| Untracked |  0
|  46|0x0000000610400000, 0x0000000610400000, 0x0000000610800000|  0%| F|  |TAMS 0x0000000610400000| PB 0x0000000610400000| Untracked |  0
|  47|0x0000000610800000, 0x0000000610800000, 0x0000000610c00000|  0%| F|  |TAMS 0x0000000610800000| PB 0x0000000610800000| Untracked |  0
|  48|0x0000000610c00000, 0x0000000610c00000, 0x0000000611000000|  0%| F|  |TAMS 0x0000000610c00000| PB 0x0000000610c00000| Untracked |  0
|  49|0x0000000611000000, 0x0000000611000000, 0x0000000611400000|  0%| F|  |TAMS 0x0000000611000000| PB 0x0000000611000000| Untracked |  0
|  50|0x0000000611400000, 0x0000000611400000, 0x0000000611800000|  0%| F|  |TAMS 0x0000000611400000| PB 0x0000000611400000| Untracked |  0
|  51|0x0000000611800000, 0x0000000611800000, 0x0000000611c00000|  0%| F|  |TAMS 0x0000000611800000| PB 0x0000000611800000| Untracked |  0
|  52|0x0000000611c00000, 0x0000000611c00000, 0x0000000612000000|  0%| F|  |TAMS 0x0000000611c00000| PB 0x0000000611c00000| Untracked |  0
|  53|0x0000000612000000, 0x0000000612000000, 0x0000000612400000|  0%| F|  |TAMS 0x0000000612000000| PB 0x0000000612000000| Untracked |  0
|  54|0x0000000612400000, 0x0000000612400000, 0x0000000612800000|  0%| F|  |TAMS 0x0000000612400000| PB 0x0000000612400000| Untracked |  0
|  55|0x0000000612800000, 0x0000000612800000, 0x0000000612c00000|  0%| F|  |TAMS 0x0000000612800000| PB 0x0000000612800000| Untracked |  0
|  56|0x0000000612c00000, 0x0000000612c00000, 0x0000000613000000|  0%| F|  |TAMS 0x0000000612c00000| PB 0x0000000612c00000| Untracked |  0
|  57|0x0000000613000000, 0x0000000613000000, 0x0000000613400000|  0%| F|  |TAMS 0x0000000613000000| PB 0x0000000613000000| Untracked |  0
|  58|0x0000000613400000, 0x0000000613400000, 0x0000000613800000|  0%| F|  |TAMS 0x0000000613400000| PB 0x0000000613400000| Untracked |  0
|  59|0x0000000613800000, 0x0000000613800000, 0x0000000613c00000|  0%| F|  |TAMS 0x0000000613800000| PB 0x0000000613800000| Untracked |  0
|  60|0x0000000613c00000, 0x0000000613c00000, 0x0000000614000000|  0%| F|  |TAMS 0x0000000613c00000| PB 0x0000000613c00000| Untracked |  0
|  61|0x0000000614000000, 0x0000000614000000, 0x0000000614400000|  0%| F|  |TAMS 0x0000000614000000| PB 0x0000000614000000| Untracked |  0
|  62|0x0000000614400000, 0x0000000614400000, 0x0000000614800000|  0%| F|  |TAMS 0x0000000614400000| PB 0x0000000614400000| Untracked |  0
|  63|0x0000000614800000, 0x0000000614800000, 0x0000000614c00000|  0%| F|  |TAMS 0x0000000614800000| PB 0x0000000614800000| Untracked |  0
|  64|0x0000000614c00000, 0x0000000614c00000, 0x0000000615000000|  0%| F|  |TAMS 0x0000000614c00000| PB 0x0000000614c00000| Untracked |  0
|  65|0x0000000615000000, 0x0000000615000000, 0x0000000615400000|  0%| F|  |TAMS 0x0000000615000000| PB 0x0000000615000000| Untracked |  0
|  66|0x0000000615400000, 0x0000000615400000, 0x0000000615800000|  0%| F|  |TAMS 0x0000000615400000| PB 0x0000000615400000| Untracked |  0
|  67|0x0000000615800000, 0x0000000615800000, 0x0000000615c00000|  0%| F|  |TAMS 0x0000000615800000| PB 0x0000000615800000| Untracked |  0
|  68|0x0000000615c00000, 0x0000000615c00000, 0x0000000616000000|  0%| F|  |TAMS 0x0000000615c00000| PB 0x0000000615c00000| Untracked |  0
|  69|0x0000000616000000, 0x0000000616000000, 0x0000000616400000|  0%| F|  |TAMS 0x0000000616000000| PB 0x0000000616000000| Untracked |  0
|  70|0x0000000616400000, 0x0000000616400000, 0x0000000616800000|  0%| F|  |TAMS 0x0000000616400000| PB 0x0000000616400000| Untracked |  0
|  71|0x0000000616800000, 0x0000000616800000, 0x0000000616c00000|  0%| F|  |TAMS 0x0000000616800000| PB 0x0000000616800000| Untracked |  0
|  72|0x0000000616c00000, 0x0000000616c00000, 0x0000000617000000|  0%| F|  |TAMS 0x0000000616c00000| PB 0x0000000616c00000| Untracked |  0
|  73|0x0000000617000000, 0x0000000617000000, 0x0000000617400000|  0%| F|  |TAMS 0x0000000617000000| PB 0x0000000617000000| Untracked |  0
|  74|0x0000000617400000, 0x0000000617400000, 0x0000000617800000|  0%| F|  |TAMS 0x0000000617400000| PB 0x0000000617400000| Untracked |  0
|  75|0x0000000617800000, 0x0000000617800000, 0x0000000617c00000|  0%| F|  |TAMS 0x0000000617800000| PB 0x0000000617800000| Untracked |  0
|  76|0x0000000617c00000, 0x0000000617c00000, 0x0000000618000000|  0%| F|  |TAMS 0x0000000617c00000| PB 0x0000000617c00000| Untracked |  0
|  77|0x0000000618000000, 0x0000000618000000, 0x0000000618400000|  0%| F|  |TAMS 0x0000000618000000| PB 0x0000000618000000| Untracked |  0
|  78|0x0000000618400000, 0x0000000618400000, 0x0000000618800000|  0%| F|  |TAMS 0x0000000618400000| PB 0x0000000618400000| Untracked |  0
|  79|0x0000000618800000, 0x0000000618800000, 0x0000000618c00000|  0%| F|  |TAMS 0x0000000618800000| PB 0x0000000618800000| Untracked |  0
|  80|0x0000000618c00000, 0x0000000618c00000, 0x0000000619000000|  0%| F|  |TAMS 0x0000000618c00000| PB 0x0000000618c00000| Untracked |  0
|  81|0x0000000619000000, 0x0000000619000000, 0x0000000619400000|  0%| F|  |TAMS 0x0000000619000000| PB 0x0000000619000000| Untracked |  0
|  82|0x0000000619400000, 0x0000000619400000, 0x0000000619800000|  0%| F|  |TAMS 0x0000000619400000| PB 0x0000000619400000| Untracked |  0
|  83|0x0000000619800000, 0x0000000619800000, 0x0000000619c00000|  0%| F|  |TAMS 0x0000000619800000| PB 0x0000000619800000| Untracked |  0
|  84|0x0000000619c00000, 0x0000000619c00000, 0x000000061a000000|  0%| F|  |TAMS 0x0000000619c00000| PB 0x0000000619c00000| Untracked |  0
|  85|0x000000061a000000, 0x000000061a000000, 0x000000061a400000|  0%| F|  |TAMS 0x000000061a000000| PB 0x000000061a000000| Untracked |  0
|  86|0x000000061a400000, 0x000000061a400000, 0x000000061a800000|  0%| F|  |TAMS 0x000000061a400000| PB 0x000000061a400000| Untracked |  0
|  87|0x000000061a800000, 0x000000061a800000, 0x000000061ac00000|  0%| F|  |TAMS 0x000000061a800000| PB 0x000000061a800000| Untracked |  0
|  88|0x000000061ac00000, 0x000000061ac00000, 0x000000061b000000|  0%| F|  |TAMS 0x000000061ac00000| PB 0x000000061ac00000| Untracked |  0
|  89|0x000000061b000000, 0x000000061b000000, 0x000000061b400000|  0%| F|  |TAMS 0x000000061b000000| PB 0x000000061b000000| Untracked |  0
|  90|0x000000061b400000, 0x000000061b400000, 0x000000061b800000|  0%| F|  |TAMS 0x000000061b400000| PB 0x000000061b400000| Untracked |  0
|  91|0x000000061b800000, 0x000000061b800000, 0x000000061bc00000|  0%| F|  |TAMS 0x000000061b800000| PB 0x000000061b800000| Untracked |  0
|  92|0x000000061bc00000, 0x000000061bc00000, 0x000000061c000000|  0%| F|  |TAMS 0x000000061bc00000| PB 0x000000061bc00000| Untracked |  0
|  93|0x000000061c000000, 0x000000061c000000, 0x000000061c400000|  0%| F|  |TAMS 0x000000061c000000| PB 0x000000061c000000| Untracked |  0
|  94|0x000000061c400000, 0x000000061c400000, 0x000000061c800000|  0%| F|  |TAMS 0x000000061c400000| PB 0x000000061c400000| Untracked |  0
|  95|0x000000061c800000, 0x000000061c800000, 0x000000061cc00000|  0%| F|  |TAMS 0x000000061c800000| PB 0x000000061c800000| Untracked |  0
|  96|0x000000061cc00000, 0x000000061cc00000, 0x000000061d000000|  0%| F|  |TAMS 0x000000061cc00000| PB 0x000000061cc00000| Untracked |  0
|  97|0x000000061d000000, 0x000000061d000000, 0x000000061d400000|  0%| F|  |TAMS 0x000000061d000000| PB 0x000000061d000000| Untracked |  0
|  98|0x000000061d400000, 0x000000061d400000, 0x000000061d800000|  0%| F|  |TAMS 0x000000061d400000| PB 0x000000061d400000| Untracked |  0
|  99|0x000000061d800000, 0x000000061d800000, 0x000000061dc00000|  0%| F|  |TAMS 0x000000061d800000| PB 0x000000061d800000| Untracked |  0
| 100|0x000000061dc00000, 0x000000061dc00000, 0x000000061e000000|  0%| F|  |TAMS 0x000000061dc00000| PB 0x000000061dc00000| Untracked |  0
| 101|0x000000061e000000, 0x000000061e000000, 0x000000061e400000|  0%| F|  |TAMS 0x000000061e000000| PB 0x000000061e000000| Untracked |  0
| 102|0x000000061e400000, 0x000000061e400000, 0x000000061e800000|  0%| F|  |TAMS 0x000000061e400000| PB 0x000000061e400000| Untracked |  0
| 103|0x000000061e800000, 0x000000061e800000, 0x000000061ec00000|  0%| F|  |TAMS 0x000000061e800000| PB 0x000000061e800000| Untracked |  0
| 104|0x000000061ec00000, 0x000000061ec00000, 0x000000061f000000|  0%| F|  |TAMS 0x000000061ec00000| PB 0x000000061ec00000| Untracked |  0
| 105|0x000000061f000000, 0x000000061f000000, 0x000000061f400000|  0%| F|  |TAMS 0x000000061f000000| PB 0x000000061f000000| Untracked |  0
| 106|0x000000061f400000, 0x000000061f400000, 0x000000061f800000|  0%| F|  |TAMS 0x000000061f400000| PB 0x000000061f400000| Untracked |  0
| 107|0x000000061f800000, 0x000000061f800000, 0x000000061fc00000|  0%| F|  |TAMS 0x000000061f800000| PB 0x000000061f800000| Untracked |  0
| 108|0x000000061fc00000, 0x000000061fc00000, 0x0000000620000000|  0%| F|  |TAMS 0x000000061fc00000| PB 0x000000061fc00000| Untracked |  0
| 109|0x0000000620000000, 0x0000000620000000, 0x0000000620400000|  0%| F|  |TAMS 0x0000000620000000| PB 0x0000000620000000| Untracked |  0
| 110|0x0000000620400000, 0x0000000620400000, 0x0000000620800000|  0%| F|  |TAMS 0x0000000620400000| PB 0x0000000620400000| Untracked |  0
| 111|0x0000000620800000, 0x0000000620800000, 0x0000000620c00000|  0%| F|  |TAMS 0x0000000620800000| PB 0x0000000620800000| Untracked |  0
| 112|0x0000000620c00000, 0x0000000620c00000, 0x0000000621000000|  0%| F|  |TAMS 0x0000000620c00000| PB 0x0000000620c00000| Untracked |  0
| 113|0x0000000621000000, 0x0000000621000000, 0x0000000621400000|  0%| F|  |TAMS 0x0000000621000000| PB 0x0000000621000000| Untracked |  0
| 114|0x0000000621400000, 0x0000000621400000, 0x0000000621800000|  0%| F|  |TAMS 0x0000000621400000| PB 0x0000000621400000| Untracked |  0
| 115|0x0000000621800000, 0x0000000621800000, 0x0000000621c00000|  0%| F|  |TAMS 0x0000000621800000| PB 0x0000000621800000| Untracked |  0
| 116|0x0000000621c00000, 0x0000000621c00000, 0x0000000622000000|  0%| F|  |TAMS 0x0000000621c00000| PB 0x0000000621c00000| Untracked |  0
| 117|0x0000000622000000, 0x0000000622000000, 0x0000000622400000|  0%| F|  |TAMS 0x0000000622000000| PB 0x0000000622000000| Untracked |  0
| 118|0x0000000622400000, 0x0000000622400000, 0x0000000622800000|  0%| F|  |TAMS 0x0000000622400000| PB 0x0000000622400000| Untracked |  0
| 119|0x0000000622800000, 0x00000006228f9c38, 0x0000000622c00000| 24%| E|  |TAMS 0x0000000622800000| PB 0x0000000622800000| Complete |  0
| 120|0x0000000622c00000, 0x0000000623000000, 0x0000000623000000|100%| E|CS|TAMS 0x0000000622c00000| PB 0x0000000622c00000| Complete |  0
| 121|0x0000000623000000, 0x0000000623400000, 0x0000000623400000|100%| E|CS|TAMS 0x0000000623000000| PB 0x0000000623000000| Complete |  0
| 122|0x0000000623400000, 0x0000000623800000, 0x0000000623800000|100%| E|CS|TAMS 0x0000000623400000| PB 0x0000000623400000| Complete |  0
| 123|0x0000000623800000, 0x0000000623c00000, 0x0000000623c00000|100%| E|CS|TAMS 0x0000000623800000| PB 0x0000000623800000| Complete |  0
| 124|0x0000000623c00000, 0x0000000624000000, 0x0000000624000000|100%| E|CS|TAMS 0x0000000623c00000| PB 0x0000000623c00000| Complete |  0
| 125|0x0000000624000000, 0x0000000624400000, 0x0000000624400000|100%| E|CS|TAMS 0x0000000624000000| PB 0x0000000624000000| Complete |  0
| 126|0x0000000624400000, 0x0000000624800000, 0x0000000624800000|100%| E|CS|TAMS 0x0000000624400000| PB 0x0000000624400000| Complete |  0
|2028|0x00000007ffc00000, 0x00000007ffd1c318, 0x0000000800000000| 27%| O|  |TAMS 0x00000007ffc00000| PB 0x00000007ffc00000| Untracked |  0

Card table byte_map: [0x000002e96a410000,0x000002e96b3f0000] _byte_map_base: 0x000002e9673ea000

Marking Bits: (CMBitMap*) 0x000002e95169d440
 Bits: [0x000002e96b3f0000, 0x000002e9732c0000)

Polling page: 0x000002e94f3e0000

Metaspace:

Usage:
  Non-class:     13.31 MB used.
      Class:      1.46 MB used.
       Both:     14.77 MB used.

Virtual space:
  Non-class space:       64.00 MB reserved,      13.44 MB ( 21%) committed,  1 nodes.
      Class space:        1.00 GB reserved,       1.56 MB ( <1%) committed,  1 nodes.
             Both:        1.06 GB reserved,      15.00 MB (  1%) committed. 

Chunk freelists:
   Non-Class:  2.47 MB
       Class:  14.25 MB
        Both:  16.72 MB

MaxMetaspaceSize: unlimited
CompressedClassSpaceSize: 1.00 GB
Initial GC threshold: 21.00 MB
Current GC threshold: 21.00 MB
CDS: on
 - commit_granule_bytes: 65536.
 - commit_granule_words: 8192.
 - virtual_space_node_default_size: 8388608.
 - enlarge_chunks_in_place: 1.
UseCompressedClassPointers 1, UseCompactObjectHeaders 0
Narrow klass pointer bits 32, Max shift 3
Narrow klass base: 0x000002e900000000, Narrow klass shift: 0
Encoding Range: [0x000002e900000000 - 0x000002ea00000000), (4294967296 bytes)
Klass Range:    [0x000002e900000000 - 0x000002e941000000), (1090519040 bytes)
Klass ID Range:  [8 - 1090519033) (1090519025)


Internal statistics:

num_allocs_failed_limit: 0.
num_arena_births: 178.
num_arena_deaths: 0.
num_vsnodes_births: 2.
num_vsnodes_deaths: 0.
num_space_committed: 240.
num_space_uncommitted: 0.
num_chunks_returned_to_freelist: 0.
num_chunks_taken_from_freelist: 312.
num_chunk_merges: 0.
num_chunk_splits: 186.
num_chunks_enlarged: 120.
num_inconsistent_stats: 0.

CodeHeap 'non-profiled nmethods': size=120064Kb used=668Kb max_used=668Kb free=119395Kb
 bounds [0x000002e961bc0000, 0x000002e961e30000, 0x000002e969100000]
CodeHeap 'profiled nmethods': size=120000Kb used=3422Kb max_used=3422Kb free=116577Kb
 bounds [0x000002e95a100000, 0x000002e95a460000, 0x000002e961630000]
CodeHeap 'non-nmethods': size=5696Kb used=1566Kb max_used=1587Kb free=4129Kb
 bounds [0x000002e961630000, 0x000002e9618a0000, 0x000002e961bc0000]
CodeCache: size=245760Kb, used=5656Kb, max_used=5677Kb, free=240101Kb
 total_blobs=2966, nmethods=2229, adapters=642, full_count=0
Compilation: enabled, stopped_count=0, restarted_count=0

Compilation events (20 events):
Event: 6.413 Thread 0x000002e94503bfb0 2210       3       java.awt.Component::inside (30 bytes)
Event: 6.413 Thread 0x000002e94503bfb0 nmethod 2210 0x000002e95a450888 code [0x000002e95a4509a0, 0x000002e95a450b80]
Event: 6.413 Thread 0x000002e94503bfb0 2211       3       javax.swing.JComponent::contains (27 bytes)
Event: 6.414 Thread 0x000002e94503bfb0 nmethod 2211 0x000002e95a450c08 code [0x000002e95a450d40, 0x000002e95a451340]
Event: 6.434 Thread 0x000002e94503bfb0 2212       3       sun.awt.SunToolkit::getAppContext (42 bytes)
Event: 6.435 Thread 0x000002e94503bfb0 nmethod 2212 0x000002e95a451388 code [0x000002e95a4515c0, 0x000002e95a4524d0]
Event: 6.454 Thread 0x000002e94503bfb0 2213       3       jdk.internal.misc.Unsafe::getAndBitwiseAndInt (27 bytes)
Event: 6.454 Thread 0x000002e94503bfb0 nmethod 2213 0x000002e95a452588 code [0x000002e95a4526a0, 0x000002e95a452940]
Event: 6.626 Thread 0x000002e94503bfb0 2214       3       sun.awt.AWTAutoShutdown::notifyToolkitThreadBusy (8 bytes)
Event: 6.626 Thread 0x000002e94503bfb0 nmethod 2214 0x000002e95a452988 code [0x000002e95a452aa0, 0x000002e95a452c28]
Event: 6.633 Thread 0x000002e94503bfb0 2215       3       sun.awt.AWTAutoShutdown::notifyToolkitThreadFree (8 bytes)
Event: 6.634 Thread 0x000002e94503bfb0 nmethod 2215 0x000002e95a452c88 code [0x000002e95a452da0, 0x000002e95a452f28]
Event: 21.258 Thread 0x000002e94503bfb0 2217       3       java.util.ArrayList::toArray (57 bytes)
Event: 21.259 Thread 0x000002e94503bfb0 nmethod 2217 0x000002e95a452f88 code [0x000002e95a4530e0, 0x000002e95a4536b0]
Event: 22.365 Thread 0x000002e94503bfb0 2218   !   3       java.lang.Object::wait (59 bytes)
Event: 22.366 Thread 0x000002e94503bfb0 nmethod 2218 0x000002e95a453708 code [0x000002e95a453880, 0x000002e95a453e00]
Event: 26.623 Thread 0x000002e94503bfb0 2219       3       sun.java2d.StateTrackableDelegate$1::isCurrent (17 bytes)
Event: 26.623 Thread 0x000002e94503bfb0 nmethod 2219 0x000002e95a453e88 code [0x000002e95a453fa0, 0x000002e95a454108]
Event: 27.932 Thread 0x000002e94503bfb0 2220       3       sun.java2d.d3d.D3DSurfaceData$D3DWindowSurfaceData::isDirty (18 bytes)
Event: 27.933 Thread 0x000002e94503bfb0 nmethod 2220 0x000002e95a454188 code [0x000002e95a4542a0, 0x000002e95a4544c8]

GC Heap History (0 events):
No events

Dll operation events (12 events):
Event: 0.016 Loaded shared library C:\Program Files\Apache NetBeans\jdk\bin\java.dll
Event: 0.050 Loaded shared library C:\Program Files\Apache NetBeans\jdk\bin\jsvml.dll
Event: 0.062 Loaded shared library C:\Program Files\Apache NetBeans\jdk\bin\net.dll
Event: 0.065 Loaded shared library C:\Program Files\Apache NetBeans\jdk\bin\nio.dll
Event: 0.075 Loaded shared library C:\Program Files\Apache NetBeans\jdk\bin\zip.dll
Event: 0.125 Loaded shared library C:\Program Files\Apache NetBeans\jdk\bin\jimage.dll
Event: 0.143 Loaded shared library C:\Program Files\Apache NetBeans\jdk\bin\awt.dll
Event: 0.845 Loaded shared library C:\Program Files\Apache NetBeans\jdk\bin\freetype.dll
Event: 0.847 Loaded shared library C:\Program Files\Apache NetBeans\jdk\bin\fontmanager.dll
Event: 1.565 Loaded shared library C:\Program Files\Apache NetBeans\jdk\bin\extnet.dll
Event: 1.584 Loaded shared library C:\Program Files\Apache NetBeans\jdk\bin\management.dll
Event: 1.589 Loaded shared library C:\Program Files\Apache NetBeans\jdk\bin\management_ext.dll

Deoptimization events (20 events):
Event: 2.271 Thread 0x000002e94f11ac30 Uncommon trap: trap_request=0xfffffff4 fr.pc=0x000002e961c45764 relative=0x0000000000001d24
Event: 2.271 Thread 0x000002e94f11ac30 Uncommon trap: reason=null_check action=make_not_entrant pc=0x000002e961c45764 method=java.awt.Component.enableEvents(J)V @ 112 c2
Event: 2.271 Thread 0x000002e94f11ac30 DEOPT PACKING pc=0x000002e961c45764 sp=0x000000ff4eefebb0
Event: 2.271 Thread 0x000002e94f11ac30 DEOPT UNPACKING pc=0x000002e961745d02 sp=0x000000ff4eefe850 mode 2
Event: 2.295 Thread 0x000002e94f11ac30 Uncommon trap: trap_request=0xffffffde fr.pc=0x000002e961c19050 relative=0x00000000000003d0
Event: 2.295 Thread 0x000002e94f11ac30 Uncommon trap: reason=class_check action=maybe_recompile pc=0x000002e961c19050 method=java.util.regex.Pattern$Start.match(Ljava/util/regex/Matcher;ILjava/lang/CharSequence;)Z @ 44 c2
Event: 2.295 Thread 0x000002e94f11ac30 DEOPT PACKING pc=0x000002e961c19050 sp=0x000000ff4eefefe0
Event: 2.295 Thread 0x000002e94f11ac30 DEOPT UNPACKING pc=0x000002e961745d02 sp=0x000000ff4eefef90 mode 2
Event: 2.317 Thread 0x000002e94f11ac30 Uncommon trap: trap_request=0xffffff4d fr.pc=0x000002e961c22dc4 relative=0x0000000000000144
Event: 2.317 Thread 0x000002e94f11ac30 Uncommon trap: reason=unstable_if action=reinterpret pc=0x000002e961c22dc4 method=java.lang.String.indexOf(I)I @ 4 c2
Event: 2.317 Thread 0x000002e94f11ac30 DEOPT PACKING pc=0x000002e961c22dc4 sp=0x000000ff4eefedf0
Event: 2.317 Thread 0x000002e94f11ac30 DEOPT UNPACKING pc=0x000002e961745d02 sp=0x000000ff4eefed90 mode 2
Event: 2.329 Thread 0x000002e94f11ac30 Uncommon trap: trap_request=0xffffffde fr.pc=0x000002e961c19050 relative=0x00000000000003d0
Event: 2.329 Thread 0x000002e94f11ac30 Uncommon trap: reason=class_check action=maybe_recompile pc=0x000002e961c19050 method=java.util.regex.Pattern$Start.match(Ljava/util/regex/Matcher;ILjava/lang/CharSequence;)Z @ 44 c2
Event: 2.329 Thread 0x000002e94f11ac30 DEOPT PACKING pc=0x000002e961c19050 sp=0x000000ff4eefefe0
Event: 2.329 Thread 0x000002e94f11ac30 DEOPT UNPACKING pc=0x000002e961745d02 sp=0x000000ff4eefef90 mode 2
Event: 2.548 Thread 0x000002e94a5aa360 Uncommon trap: trap_request=0xffffff4d fr.pc=0x000002e961c47824 relative=0x0000000000000084
Event: 2.548 Thread 0x000002e94a5aa360 Uncommon trap: reason=unstable_if action=reinterpret pc=0x000002e961c47824 method=sun.awt.SunToolkit.getAppContext(Ljava/lang/Object;)Lsun/awt/AppContext; @ 4 c2
Event: 2.548 Thread 0x000002e94a5aa360 DEOPT PACKING pc=0x000002e961c47824 sp=0x000000ff505fec80
Event: 2.548 Thread 0x000002e94a5aa360 DEOPT UNPACKING pc=0x000002e961745d02 sp=0x000000ff505fec18 mode 2

Classes loaded (20 events):
Event: 2.582 Loading class java/text/AttributedString$AttributedStringIterator
Event: 2.582 Loading class java/text/AttributedCharacterIterator
Event: 2.583 Loading class java/text/AttributedCharacterIterator done
Event: 2.583 Loading class java/text/AttributedString$AttributedStringIterator done
Event: 2.583 Loading class java/awt/TextComponent
Event: 2.583 Loading class java/awt/TextComponent done
Event: 5.828 Loading class java/awt/event/MouseEvent$1
Event: 5.828 Loading class sun/awt/AWTAccessor$MouseEventAccessor
Event: 5.828 Loading class sun/awt/AWTAccessor$MouseEventAccessor done
Event: 5.828 Loading class java/awt/event/MouseEvent$1 done
Event: 5.829 Loading class java/awt/Cursor$CursorDisposer
Event: 5.829 Loading class java/awt/Cursor$CursorDisposer done
Event: 5.830 Loading class java/awt/Container$MouseEventTargetFilter
Event: 5.830 Loading class java/awt/Container$EventTargetFilter
Event: 5.830 Loading class java/awt/Container$EventTargetFilter done
Event: 5.830 Loading class java/awt/Container$MouseEventTargetFilter done
Event: 5.830 Loading class java/awt/event/MouseWheelEvent
Event: 5.831 Loading class java/awt/event/MouseWheelEvent done
Event: 7.235 Loading class sun/awt/SunToolkit$1
Event: 7.235 Loading class sun/awt/SunToolkit$1 done

Classes unloaded (0 events):
No events

Classes redefined (0 events):
No events

Internal exceptions (20 events):
Event: 0.875 Thread 0x000002e94f11ac30 Exception <a 'java/lang/NoSuchMethodError'{0x0000000623e5c940}: 'java.lang.Object java.lang.invoke.DirectMethodHandle$Holder.newInvokeSpecial(java.lang.Object, int, java.lang.Object)'> (0x0000000623e5c940) 
thrown [s\src\hotspot\share\interpreter\linkResolver.cpp, line 805]
Event: 0.925 Thread 0x000002e94f11ac30 Exception <a 'java/lang/NoSuchMethodError'{0x0000000623ed75f8}: 'void java.lang.invoke.DelegatingMethodHandle$Holder.reinvoke_L(java.lang.Object, java.lang.Object, java.lang.Object, java.lang.Object, long, long, float)'> (0x0000000623ed75f8) 
thrown [s\src\hotspot\share\interpreter\linkResolver.cpp, line 805]
Event: 0.930 Thread 0x000002e94f11ac30 Exception <a 'java/lang/NoSuchMethodError'{0x0000000623ef7be8}: 'java.lang.Object java.lang.invoke.DirectMethodHandle$Holder.invokeStatic(java.lang.Object, java.lang.Object, java.lang.Object, java.lang.Object, java.lang.Object, long)'> (0x0000000623ef7be8) 
thrown [s\src\hotspot\share\interpreter\linkResolver.cpp, line 805]
Event: 0.938 Thread 0x000002e94f11ac30 Exception <a 'java/lang/NoSuchMethodError'{0x0000000623f3b348}: 'float java.lang.invoke.DelegatingMethodHandle$Holder.reinvoke_L(java.lang.Object, java.lang.Object, java.lang.Object, java.lang.Object, long, long)'> (0x0000000623f3b348) 
thrown [s\src\hotspot\share\interpreter\linkResolver.cpp, line 805]
Event: 1.213 Thread 0x000002e94586e1f0 Exception <a 'java/lang/NoSuchMethodError'{0x00000006247eb318}: 'void java.lang.invoke.DirectMethodHandle$Holder.invokeVirtual(java.lang.Object, java.lang.Object)'> (0x00000006247eb318) 
thrown [s\src\hotspot\share\interpreter\linkResolver.cpp, line 805]
Event: 1.240 Thread 0x000002e94f11ac30 Exception <a 'java/lang/NoSuchMethodError'{0x00000006234cfa50}: 'void java.lang.invoke.DelegatingMethodHandle$Holder.reinvoke_L(java.lang.Object, java.lang.Object, java.lang.Object, java.lang.Object, long, long, int)'> (0x00000006234cfa50) 
thrown [s\src\hotspot\share\interpreter\linkResolver.cpp, line 805]
Event: 1.243 Thread 0x000002e94f11ac30 Exception <a 'java/lang/NoSuchMethodError'{0x00000006234fa2c8}: 'void java.lang.invoke.DelegatingMethodHandle$Holder.reinvoke_L(java.lang.Object, java.lang.Object, java.lang.Object, java.lang.Object, long, long, long)'> (0x00000006234fa2c8) 
thrown [s\src\hotspot\share\interpreter\linkResolver.cpp, line 805]
Event: 1.246 Thread 0x000002e94f11ac30 Exception <a 'java/lang/NoSuchMethodError'{0x0000000623516788}: 'void java.lang.invoke.DirectMethodHandle$Holder.invokeStaticInit(java.lang.Object)'> (0x0000000623516788) 
thrown [s\src\hotspot\share\interpreter\linkResolver.cpp, line 805]
Event: 1.497 Thread 0x000002e94f11ac30 Exception <a 'java/lang/NoSuchMethodError'{0x000000062372a7b0}: 'java.lang.Object java.lang.invoke.DirectMethodHandle$Holder.invokeVirtual(java.lang.Object, java.lang.Object, java.lang.Object, java.lang.Object)'> (0x000000062372a7b0) 
thrown [s\src\hotspot\share\interpreter\linkResolver.cpp, line 805]
Event: 1.501 Thread 0x000002e94f11ac30 Exception <a 'java/lang/NoSuchMethodError'{0x0000000623741780}: 'void java.lang.invoke.DirectMethodHandle$Holder.invokeStatic(java.lang.Object, java.lang.Object, java.lang.Object, java.lang.Object)'> (0x0000000623741780) 
thrown [s\src\hotspot\share\interpreter\linkResolver.cpp, line 805]
Event: 1.569 Thread 0x000002e94f11ac30 Exception <a 'java/lang/NoSuchMethodError'{0x00000006237f6d78}: 'void java.lang.invoke.DirectMethodHandle$Holder.invokeStatic(java.lang.Object, java.lang.Object)'> (0x00000006237f6d78) 
thrown [s\src\hotspot\share\interpreter\linkResolver.cpp, line 805]
Event: 1.603 Thread 0x000002e94f11ac30 Exception <a 'java/lang/NoSuchMethodError'{0x0000000623056380}: 'int java.lang.invoke.DirectMethodHandle$Holder.invokeSpecial(java.lang.Object, java.lang.Object, java.lang.Object)'> (0x0000000623056380) 
thrown [s\src\hotspot\share\interpreter\linkResolver.cpp, line 805]
Event: 1.845 Thread 0x000002e94f11ac30 Exception <a 'java/lang/NoSuchMethodError'{0x0000000623129478}: 'java.lang.Object java.lang.invoke.DirectMethodHandle$Holder.invokeStaticInit(java.lang.Object, int, int, int, int)'> (0x0000000623129478) 
thrown [s\src\hotspot\share\interpreter\linkResolver.cpp, line 805]
Event: 1.870 Thread 0x000002e94f11ac30 Exception <a 'java/lang/NoSuchMethodError'{0x0000000623169b90}: 'java.lang.Object java.lang.invoke.DirectMethodHandle$Holder.invokeStaticInit(java.lang.Object, java.lang.Object, int, int, int, int)'> (0x0000000623169b90) 
thrown [s\src\hotspot\share\interpreter\linkResolver.cpp, line 805]
Event: 1.939 Thread 0x000002e94f11ac30 Exception <a 'sun/nio/fs/WindowsException'{0x00000006232cdb60}> (0x00000006232cdb60) 
thrown [s\src\hotspot\share\prims\jni.cpp, line 518]
Event: 2.038 Thread 0x000002e94f11ac30 Exception <a 'java/lang/NoSuchMethodError'{0x0000000623317748}: 'void java.lang.invoke.DirectMethodHandle$Holder.invokeStatic(java.lang.Object, java.lang.Object, java.lang.Object)'> (0x0000000623317748) 
thrown [s\src\hotspot\share\interpreter\linkResolver.cpp, line 805]
Event: 2.042 Thread 0x000002e94f11ac30 Implicit null exception at 0x000002e961c3bc74 to 0x000002e961c3c514
Event: 2.124 Thread 0x000002e94f11ac30 Exception <a 'java/lang/NoSuchMethodError'{0x0000000622c7e378}: 'java.lang.Object java.lang.invoke.DirectMethodHandle$Holder.invokeStaticInit(java.lang.Object, java.lang.Object, java.lang.Object)'> (0x0000000622c7e378) 
thrown [s\src\hotspot\share\interpreter\linkResolver.cpp, line 805]
Event: 2.271 Thread 0x000002e94f11ac30 Implicit null exception at 0x000002e961c448e6 to 0x000002e961c45758
Event: 2.517 Thread 0x000002e94a5aa360 Exception <a 'java/lang/NoSuchMethodError'{0x0000000623d81ed8}: 'void java.lang.invoke.DelegatingMethodHandle$Holder.reinvoke_L(java.lang.Object, java.lang.Object, java.lang.Object, java.lang.Object, long, long, double)'> (0x0000000623d81ed8) 
thrown [s\src\hotspot\share\interpreter\linkResolver.cpp, line 805]

VM Operations (20 events):
Event: 0.671 Executing VM operation: HandshakeAllThreads (Deoptimize)
Event: 0.671 Executing VM operation: HandshakeAllThreads (Deoptimize) done
Event: 0.723 Executing VM operation: HandshakeAllThreads (Deoptimize)
Event: 0.723 Executing VM operation: HandshakeAllThreads (Deoptimize) done
Event: 0.726 Executing VM operation: HandshakeAllThreads (Deoptimize)
Event: 0.726 Executing VM operation: HandshakeAllThreads (Deoptimize) done
Event: 1.013 Executing VM operation: HandshakeAllThreads (Deoptimize)
Event: 1.013 Executing VM operation: HandshakeAllThreads (Deoptimize) done
Event: 1.552 Executing VM operation: HandshakeAllThreads (Deoptimize)
Event: 1.552 Executing VM operation: HandshakeAllThreads (Deoptimize) done
Event: 1.795 Executing VM operation: HandshakeAllThreads (Deoptimize)
Event: 1.795 Executing VM operation: HandshakeAllThreads (Deoptimize) done
Event: 2.073 Executing VM operation: HandshakeAllThreads (Deoptimize)
Event: 2.073 Executing VM operation: HandshakeAllThreads (Deoptimize) done
Event: 2.549 Executing VM operation: HandshakeAllThreads (Deoptimize)
Event: 2.549 Executing VM operation: HandshakeAllThreads (Deoptimize) done
Event: 60.076 Executing VM operation: HandshakeAllThreads (HandshakeForDeflation)
Event: 60.076 Executing VM operation: HandshakeAllThreads (HandshakeForDeflation) done
Event: 60.076 Executing VM operation: RendezvousGCThreads
Event: 60.076 Executing VM operation: RendezvousGCThreads done

Memory protections (0 events):
No events

Nmethod flushes (0 events):
No events

Events (20 events):
Event: 0.047 Thread 0x000002e94f11ac30 Thread added: 0x000002e9450372d0
Event: 0.047 Thread 0x000002e94f11ac30 Thread added: 0x000002e94503bfb0
Event: 0.056 Thread 0x000002e94f11ac30 Thread added: 0x000002e9450d1140
Event: 0.058 Thread 0x000002e94f11ac30 Thread added: 0x000002e9450d60b0
Event: 0.227 Thread 0x000002e94f11ac30 Thread added: 0x000002e94586dab0
Event: 0.228 Thread 0x000002e94f11ac30 Thread added: 0x000002e94560f870
Event: 0.229 Thread 0x000002e94f11ac30 Thread added: 0x000002e94586e1f0
Event: 0.774 Thread 0x000002e94f11ac30 Thread added: 0x000002e94a5aa360
Event: 0.963 Thread 0x000002e94f11ac30 Thread added: 0x000002e94a686080
Event: 1.037 Thread 0x000002e94503bfb0 Thread added: 0x000002e94a6a8e90
Event: 1.376 Thread 0x000002e94a6a8e90 Thread exited: 0x000002e94a6a8e90
Event: 1.432 Thread 0x000002e94503bfb0 Thread added: 0x000002e94a7dbb60
Event: 1.771 Thread 0x000002e94a7dbb60 Thread exited: 0x000002e94a7dbb60
Event: 1.927 Thread 0x000002e9450372d0 Thread added: 0x000002e94a926f20
Event: 2.129 Thread 0x000002e94f11ac30 Thread added: 0x000002e94acf8810
Event: 2.355 Thread 0x000002e94f11ac30 Thread exited: 0x000002e94f11ac30
Event: 2.355 Thread 0x000002e94aea7eb0 Thread added: 0x000002e94aea7eb0
Event: 2.471 Thread 0x000002e94a5aa360 Thread added: 0x000002e94aeaaa90
Event: 3.570 Thread 0x000002e94a926f20 Thread exited: 0x000002e94a926f20
Event: 6.056 Thread 0x000002e94a686080 Thread exited: 0x000002e94a686080


Dynamic libraries:
0x00007ff657f80000 - 0x00007ff657f8e000 	C:\Program Files\Apache NetBeans\jdk\bin\java.exe
0x00007ffc19b00000 - 0x00007ffc19d67000 	C:\Windows\SYSTEM32\ntdll.dll
0x00007ffc18620000 - 0x00007ffc186e9000 	C:\Windows\System32\KERNEL32.DLL
0x00007ffc16d10000 - 0x00007ffc170ff000 	C:\Windows\System32\KERNELBASE.dll
0x00007ffc17540000 - 0x00007ffc1768b000 	C:\Windows\System32\ucrtbase.dll
0x00007ffba2190000 - 0x00007ffba21ae000 	C:\Program Files\Apache NetBeans\jdk\bin\VCRUNTIME140.dll
0x00007ffba2110000 - 0x00007ffba2126000 	C:\Program Files\Apache NetBeans\jdk\bin\jli.dll
0x00007ffc18450000 - 0x00007ffc18615000 	C:\Windows\System32\USER32.dll
0x00007ffc17740000 - 0x00007ffc17767000 	C:\Windows\System32\win32u.dll
0x00007ffbfd100000 - 0x00007ffbfd393000 	C:\Windows\WinSxS\amd64_microsoft.windows.common-controls_6595b64144ccf1df_6.0.26100.7309_none_3e05feeae336a044\COMCTL32.dll
0x00007ffc186f0000 - 0x00007ffc1871b000 	C:\Windows\System32\GDI32.dll
0x00007ffc19820000 - 0x00007ffc198c9000 	C:\Windows\System32\msvcrt.dll
0x00007ffc17770000 - 0x00007ffc1789c000 	C:\Windows\System32\gdi32full.dll
0x00007ffc17690000 - 0x00007ffc17733000 	C:\Windows\System32\msvcp_win.dll
0x00007ffc17cb0000 - 0x00007ffc17ce1000 	C:\Windows\System32\IMM32.DLL
0x00007ffbab4e0000 - 0x00007ffbab4ec000 	C:\Program Files\Apache NetBeans\jdk\bin\vcruntime140_1.dll
0x00007ffc071a0000 - 0x00007ffc0722d000 	C:\Program Files\Apache NetBeans\jdk\bin\msvcp140.dll
0x00007ffba21b0000 - 0x00007ffba302c000 	C:\Program Files\Apache NetBeans\jdk\bin\server\jvm.dll
0x00007ffc19950000 - 0x00007ffc19a04000 	C:\Windows\System32\ADVAPI32.dll
0x00007ffc19a10000 - 0x00007ffc19ab6000 	C:\Windows\System32\sechost.dll
0x00007ffc195b0000 - 0x00007ffc196c8000 	C:\Windows\System32\RPCRT4.dll
0x00007ffc198d0000 - 0x00007ffc19944000 	C:\Windows\System32\WS2_32.dll
0x00007ffc02360000 - 0x00007ffc02395000 	C:\Windows\SYSTEM32\WINMM.dll
0x00007ffc0ec00000 - 0x00007ffc0ec0b000 	C:\Windows\SYSTEM32\VERSION.dll
0x00007ffc16840000 - 0x00007ffc1689e000 	C:\Windows\SYSTEM32\POWRPROF.dll
0x00007ffc16820000 - 0x00007ffc16834000 	C:\Windows\SYSTEM32\UMPDC.dll
0x00007ffc15a00000 - 0x00007ffc15a1b000 	C:\Windows\SYSTEM32\kernel.appcore.dll
0x00007ffba97b0000 - 0x00007ffba97ba000 	C:\Program Files\Apache NetBeans\jdk\bin\jimage.dll
0x00007ffc14400000 - 0x00007ffc14642000 	C:\Windows\SYSTEM32\DBGHELP.DLL
0x00007ffc18730000 - 0x00007ffc18ab5000 	C:\Windows\System32\combase.dll
0x00007ffc193c0000 - 0x00007ffc19496000 	C:\Windows\System32\OLEAUT32.dll
0x00007ffbf9f10000 - 0x00007ffbf9f4c000 	C:\Windows\SYSTEM32\dbgcore.DLL
0x00007ffc17490000 - 0x00007ffc17535000 	C:\Windows\System32\bcryptPrimitives.dll
0x00007ffba2130000 - 0x00007ffba214e000 	C:\Program Files\Apache NetBeans\jdk\bin\java.dll
0x00007ffc19220000 - 0x00007ffc193b7000 	C:\Windows\System32\ole32.dll
0x00007ffc18ac0000 - 0x00007ffc19213000 	C:\Windows\System32\SHELL32.dll
0x00007ffc17290000 - 0x00007ffc173fa000 	C:\Windows\System32\wintypes.dll
0x00007ffc14820000 - 0x00007ffc1507e000 	C:\Windows\SYSTEM32\windows.storage.dll
0x00007ffc17ab0000 - 0x00007ffc17ba5000 	C:\Windows\System32\SHCORE.dll
0x00007ffc194a0000 - 0x00007ffc19506000 	C:\Windows\System32\shlwapi.dll
0x00007ffc16b70000 - 0x00007ffc16b99000 	C:\Windows\SYSTEM32\profapi.dll
0x00007ffba2030000 - 0x00007ffba2107000 	C:\Program Files\Apache NetBeans\jdk\bin\jsvml.dll
0x00007ffba54e0000 - 0x00007ffba54f0000 	C:\Program Files\Apache NetBeans\jdk\bin\net.dll
0x00007ffc15f70000 - 0x00007ffc15fdb000 	C:\Windows\system32\mswsock.dll
0x00007ffba1ff0000 - 0x00007ffba2006000 	C:\Program Files\Apache NetBeans\jdk\bin\nio.dll
0x00007ffba2010000 - 0x00007ffba2027000 	C:\Program Files\Apache NetBeans\jdk\bin\zip.dll
0x00007ffc07670000 - 0x00007ffc077ee000 	C:\Program Files\Apache NetBeans\jdk\bin\awt.dll
0x00007ffc13820000 - 0x00007ffc138bf000 	C:\Windows\SYSTEM32\apphelp.dll
0x00007ffc13d20000 - 0x00007ffc13d50000 	C:\Windows\system32\DWMAPI.DLL
0x00007ffc13a40000 - 0x00007ffc13aeb000 	C:\Windows\system32\uxtheme.dll
0x00007ffbee300000 - 0x00007ffbee410000 	C:\Windows\system32\opengl32.dll
0x00007ffbefcd0000 - 0x00007ffbefcfd000 	C:\Windows\SYSTEM32\GLU32.dll
0x00007ffc13d90000 - 0x00007ffc13dd4000 	C:\Windows\SYSTEM32\dxcore.dll
0x00007ffbd0df0000 - 0x00007ffbd0f23000 	C:\ProgramData\A-Volute\A-Volute.Nahimic\Modules\Scheduled\x64\AudioDevProps2.dll
0x00007ffc18260000 - 0x00007ffc183be000 	C:\Windows\System32\MSCTF.dll
0x00007ffc163c0000 - 0x00007ffc163d3000 	C:\Windows\SYSTEM32\msasn1.dll
0x00007ffc0e240000 - 0x00007ffc0e27b000 	C:\Windows\SYSTEM32\cryptnet.dll
0x00007ffc17110000 - 0x00007ffc17287000 	C:\Windows\System32\CRYPT32.dll
0x00007ffc165f0000 - 0x00007ffc165fc000 	C:\Windows\SYSTEM32\cryptbase.dll
0x00007ffc16350000 - 0x00007ffc163b5000 	C:\Windows\SYSTEM32\wldp.dll
0x00007ffc0e0a0000 - 0x00007ffc0e21b000 	C:\Windows\SYSTEM32\drvstore.dll
0x00007ffc168b0000 - 0x00007ffc168dd000 	C:\Windows\SYSTEM32\devobj.dll
0x00007ffc168e0000 - 0x00007ffc16937000 	C:\Windows\SYSTEM32\cfgmgr32.dll
0x00007ffc17400000 - 0x00007ffc17480000 	C:\Windows\System32\wintrust.dll
0x00007ffc17bb0000 - 0x00007ffc17bd0000 	C:\Windows\System32\imagehlp.dll
0x00007ffc16230000 - 0x00007ffc1624b000 	C:\Windows\SYSTEM32\CRYPTSP.dll
0x00007ffc15960000 - 0x00007ffc1599a000 	C:\Windows\system32\rsaenh.dll
0x00007ffc16b40000 - 0x00007ffc16b6a000 	C:\Windows\SYSTEM32\bcrypt.dll
0x00007ffbd3470000 - 0x00007ffbd3740000 	C:\Windows\system32\nvspcap64.dll
0x00007ffc15b20000 - 0x00007ffc15b56000 	C:\Windows\SYSTEM32\ntmarta.dll
0x00007ffc15fe0000 - 0x00007ffc16012000 	C:\Windows\SYSTEM32\gpapi.dll
0x00007ffc07490000 - 0x00007ffc075e5000 	C:\Windows\System32\DriverStore\FileRepository\nvlt.inf_amd64_5bf394cf11442ee6\nvppex.dll
0x00007ffc01ba0000 - 0x00007ffc01c27000 	C:\Program Files\Apache NetBeans\jdk\bin\freetype.dll
0x00007ffbd4c70000 - 0x00007ffbd4d59000 	C:\Program Files\Apache NetBeans\jdk\bin\fontmanager.dll
0x00007ffc17bf0000 - 0x00007ffc17ca0000 	C:\Windows\System32\clbcatq.dll
0x00007ffc11f00000 - 0x00007ffc12130000 	C:\Windows\SYSTEM32\WindowsCodecs.dll
0x00007ffbd4140000 - 0x00007ffbd419a000 	C:\Windows\system32\dataexchange.dll
0x00007ffc10060000 - 0x00007ffc102a4000 	C:\Windows\system32\twinapi.appcore.dll
0x00007ffc15560000 - 0x00007ffc1568c000 	C:\Windows\SYSTEM32\DNSAPI.dll
0x00007ffc15520000 - 0x00007ffc15554000 	C:\Windows\SYSTEM32\IPHLPAPI.DLL
0x00007ffc17be0000 - 0x00007ffc17bea000 	C:\Windows\System32\NSI.dll
0x00007ffc0e390000 - 0x00007ffc0e39b000 	C:\Windows\System32\rasadhlp.dll
0x00007ffc11040000 - 0x00007ffc110c6000 	C:\Windows\System32\fwpuclnt.dll
0x00007ffc09140000 - 0x00007ffc09149000 	C:\Program Files\Apache NetBeans\jdk\bin\extnet.dll
0x00007ffc09130000 - 0x00007ffc0913a000 	C:\Program Files\Apache NetBeans\jdk\bin\management.dll
0x00007ffc07620000 - 0x00007ffc0762b000 	C:\Program Files\Apache NetBeans\jdk\bin\management_ext.dll
0x00007ffc195a0000 - 0x00007ffc195a8000 	C:\Windows\System32\PSAPI.DLL
0x00007ffc16020000 - 0x00007ffc1604b000 	C:\Windows\SYSTEM32\USERENV.dll
0x00007ffbd6bf0000 - 0x00007ffbd6d38000 	C:\Windows\SYSTEM32\textinputframework.dll
0x00007ffc132d0000 - 0x00007ffc133f7000 	C:\Windows\SYSTEM32\CoreMessaging.dll
0x00007ffc10ad0000 - 0x00007ffc10db2000 	C:\Windows\SYSTEM32\CoreUIComponents.dll

JVMTI agents: none

dbghelp: loaded successfully - version: 4.0.5 - missing functions: none
symbol engine: initialized successfully - sym options: 0x614 - pdb path: .;C:\Program Files\Apache NetBeans\jdk\bin;C:\Windows\SYSTEM32;C:\Windows\WinSxS\amd64_microsoft.windows.common-controls_6595b64144ccf1df_6.0.26100.7309_none_3e05feeae336a044;C:\Program Files\Apache NetBeans\jdk\bin\server;C:\ProgramData\A-Volute\A-Volute.Nahimic\Modules\Scheduled\x64;C:\Windows\System32\DriverStore\FileRepository\nvlt.inf_amd64_5bf394cf11442ee6

VM Arguments:
jvm_args: -Dfile.encoding=UTF-8 
java_command: odontologia.Interfaz
java_class_path (initial): C:\Users\david\Downloads\postgresql-42.7.2.jar;C:\Program Files\Apache NetBeans\java\modules\ext\AbsoluteLayout.jar;C:\Users\david\OneDrive\Documentos\NetBeansProjects\Odontolog-a\build\classes
Launcher Type: SUN_STANDARD

[Global flags]
     intx CICompilerCount                          = 4                                         {product} {ergonomic}
     uint ConcGCThreads                            = 2                                         {product} {ergonomic}
     uint G1ConcRefinementThreads                  = 8                                         {product} {ergonomic}
   size_t G1HeapRegionSize                         = 4194304                                   {product} {ergonomic}
   size_t InitialHeapSize                          = 532676608                                 {product} {ergonomic}
   size_t MarkStackSize                            = 4194304                                   {product} {ergonomic}
   size_t MarkStackSizeMax                         = 536870912                                 {product} {ergonomic}
   size_t MaxHeapSize                              = 8510242816                                {product} {ergonomic}
   size_t MaxNewSize                               = 5104467968                                {product} {ergonomic}
   size_t MinHeapDeltaBytes                        = 4194304                                   {product} {ergonomic}
   size_t MinHeapSize                              = 8388608                                   {product} {ergonomic}
    uintx NonNMethodCodeHeapSize                   = 5832704                                {pd product} {ergonomic}
    uintx NonProfiledCodeHeapSize                  = 122945536                              {pd product} {ergonomic}
    uintx ProfiledCodeHeapSize                     = 122880000                              {pd product} {ergonomic}
    uintx ReservedCodeCacheSize                    = 251658240                              {pd product} {ergonomic}
     bool SegmentedCodeCache                       = true                                      {product} {ergonomic}
   size_t SoftMaxHeapSize                          = 8510242816                             {manageable} {ergonomic}
     bool UseCompressedOops                        = true                           {product lp64_product} {ergonomic}
     bool UseG1GC                                  = true                                      {product} {ergonomic}
     bool UseLargePagesIndividualAllocation        = false                                  {pd product} {ergonomic}

Logging:
Log output configuration:
 #0: stdout all=warning uptime,level,tags foldmultilines=false
 #1: stderr all=off uptime,level,tags foldmultilines=false

Environment Variables:
PATH=C:\Windows\system32;C:\Windows;C:\Windows\System32\Wbem;C:\Windows\System32\WindowsPowerShell\v1.0\;C:\Windows\System32\OpenSSH\;C:\Program Files (x86)\NVIDIA Corporation\PhysX\Common;C:\Program Files\NVIDIA Corporation\NVIDIA NvDLISR;C:\Program Files\Git\cmd;C:\Users\david\AppData\Local\Microsoft\WindowsApps;C:\Users\david\AppData\Local\Programs\Microsoft VS Code\bin
USERNAME=david
OS=Windows_NT
PROCESSOR_IDENTIFIER=AMD64 Family 25 Model 68 Stepping 1, AuthenticAMD
TMP=C:\Users\david\AppData\Local\Temp
TEMP=C:\Users\david\AppData\Local\Temp




Periodic native trim disabled

---------------  S Y S T E M  ---------------

OS:
 Windows 11 , 64 bit Build 26100 (10.0.26100.7309)
OS uptime: 0 days 3:09 hours
Hyper-V role detected

CPU: total 8 (initial active 8) (8 cores per cpu, 2 threads per core) family 25 model 68 stepping 1 microcode 0xa404107, cx8, cmov, fxsr, ht, mmx, 3dnowpref, sse, sse2, sse3, ssse3, sse4a, sse4.1, sse4.2, popcnt, lzcnt, tsc, tscinvbit, avx, avx2, aes, erms, clmul, bmi1, bmi2, adx, sha, fma, vzeroupper, clflush, clflushopt, hv, rdtscp, rdpid, fsrm, f16c, cet_ss
Processor Information for processor 0
  Max Mhz: 3201, Current Mhz: 2509, Mhz Limit: 3201
Processor Information for processor 1
  Max Mhz: 3201, Current Mhz: 2509, Mhz Limit: 3201
Processor Information for processor 2
  Max Mhz: 3201, Current Mhz: 2509, Mhz Limit: 3201
Processor Information for processor 3
  Max Mhz: 3201, Current Mhz: 2509, Mhz Limit: 3201
Processor Information for processor 4
  Max Mhz: 3201, Current Mhz: 1997, Mhz Limit: 3201
Processor Information for processor 5
  Max Mhz: 3201, Current Mhz: 1997, Mhz Limit: 3201
Processor Information for processor 6
  Max Mhz: 3201, Current Mhz: 2509, Mhz Limit: 3201
Processor Information for processor 7
  Max Mhz: 3201, Current Mhz: 2509, Mhz Limit: 3201

Memory: 4k page, system-wide physical 32452M (23876M free)
TotalPageFile size 34500M (AvailPageFile size 24876M)
current process WorkingSet (physical memory assigned to process): 113M, peak: 143M
current process commit charge ("private bytes"): 643M, peak: 676M

vm_info: OpenJDK 64-Bit Server VM (24.0.2+12) for windows-amd64 JRE (24.0.2+12) (Zulu24.32+13-CA), built on 2025-07-11T12:45:44Z with MS VC++ 17.1 (VS2022)

END.
